#
# An unexpected error has been detected by HotSpot Virtual Machine:
#
#  SIGBUS (0x7) at pc=0x00860dcc, pid=11405, tid=1823054768
#
# Java VM: Java HotSpot(TM) Server VM (1.5.0_07-b03 mixed mode)
# Problematic frame:
# C  [libc.so.6+0x78dcc]  memcpy+0x1c
#

---------------  T H R E A D  ---------------

Current thread (0x6fb18890):  JavaThread "ContainerBackgroundProcessor[StandardEngine[Catalina]]" daemon [_thread_in_native, id=11420]

siginfo:si_signo=7, si_errno=0, si_code=2, si_addr=0x70a4d000

Registers:
EAX=0x00000000, EBX=0x40a35b4c, ECX=0x0000000e, EDX=0x6df349b8
ESP=0x6ca97ff8, EBP=0x6ca982f4, ESI=0x70a4d000, EDI=0x6ca9809f
EIP=0x00860dcc, CR2=0x70a4d000, EFLAGS=0x00010203

Top of Stack: (sp=0x6ca97ff8)
0x6ca97ff8:   40a301bd 6ca9807c 70a4cfdd 0000005b
0x6ca98008:   6ca980f8 402a4299 6fb18950 67df6878
0x6ca98018:   6ca982a8 00077cdc 00000000 00077c81
0x6ca98028:   00000000 000009c5 6fb501a8 000382fa
0x6ca98038:   00000000 0034835c 00000000 0008988c
0x6ca98048:   00000000 00008ae0 00000000 00000000
0x6ca98058:   00000000 00000372 00000000 00000000
0x6ca98068:   0000005b 00000008 6df349b8 00000201 

Instructions: (pc=0x00860dcc)
0x00860dbc:   8b 74 24 08 fc d1 e9 73 01 a4 d1 e9 73 02 66 a5
0x00860dcc:   f3 a5 89 c7 89 d6 8b 44 24 04 c3 90 90 90 90 90 

Stack: [0x6ca19000,0x6ca9a000),  sp=0x6ca97ff8,  free space=507k
Native frames: (J=compiled Java code, j=interpreted, Vv=VM code, C=native code)
C  [libc.so.6+0x78dcc]  memcpy+0x1c
C  [libzip.so+0xf807]
C  [libzip.so+0x33ff]  Java_java_util_zip_ZipFile_open+0x97
j  java.util.zip.ZipFile.open(Ljava/lang/String;IJ)J+0
j  java.util.zip.ZipFile.<init>(Ljava/io/File;I)V+97
j  java.util.jar.JarFile.<init>(Ljava/io/File;ZI)V+3
j  java.util.jar.JarFile.<init>(Ljava/io/File;)V+4
j  org.apache.catalina.loader.WebappLoader.setRepositories()V+601
j  org.apache.catalina.loader.WebappLoader.start()V+283
j  org.apache.catalina.core.StandardContext.start()V+771
j  org.apache.catalina.startup.HostConfig.checkResources(Lorg/apache/catalina/startup/HostConfig$DeployedApplication;)V+1078
j  org.apache.catalina.startup.HostConfig.check()V+57
j  org.apache.catalina.startup.HostConfig.lifecycleEvent(Lorg/apache/catalina/LifecycleEvent;)V+13

Java frames: (J=compiled Java code, j=interpreted, Vv=VM code)
j  java.util.zip.ZipFile.open(Ljava/lang/String;IJ)J+0
j  java.util.zip.ZipFile.<init>(Ljava/io/File;I)V+97
j  java.util.jar.JarFile.<init>(Ljava/io/File;ZI)V+3
j  java.util.jar.JarFile.<init>(Ljava/io/File;)V+4
j  org.apache.catalina.loader.WebappLoader.setRepositories()V+601
j  org.apache.catalina.loader.WebappLoader.start()V+283
j  org.apache.catalina.core.StandardContext.start()V+771
j  org.apache.catalina.startup.HostConfig.checkResources(Lorg/apache/catalina/startup/HostConfig$DeployedApplication;)V+1078
j  org.apache.catalina.startup.HostConfig.check()V+57
j  org.apache.catalina.startup.HostConfig.lifecycleEvent(Lorg/apache/catalina/LifecycleEvent;)V+13
v  ~C2IAdapter
J  org.apache.catalina.core.ContainerBase.backgroundProcess()V
J  org.apache.catalina.core.ContainerBase$ContainerBackgroundProcessor.processChildren(Lorg/apache/catalina/Container;Ljava/lang/ClassLoader;)V
J  org.apache.catalina.core.ContainerBase$ContainerBackgroundProcessor.processChildren(Lorg/apache/catalina/Container;Ljava/lang/ClassLoader;)V
v  ~I2CAdapter
j  org.apache.catalina.core.ContainerBase$ContainerBackgroundProcessor.run()V+81
j  java.lang.Thread.run()V+11
v  ~StubRoutines::call_stub

---------------  P R O C E S S  ---------------

Java Threads: ( => current thread )
  0x6fb51818 JavaThread "TP-Monitor" daemon [_thread_blocked, id=11451]
  0x6fb50c40 JavaThread "TP-Processor4" daemon [_thread_in_native, id=11450]
  0x6f6fb5d0 JavaThread "TP-Processor3" daemon [_thread_blocked, id=11449]
  0x6fb4fb10 JavaThread "TP-Processor2" daemon [_thread_blocked, id=11448]
  0x6fb4f988 JavaThread "TP-Processor1" daemon [_thread_blocked, id=11447]
  0x6f511438 JavaThread "http-8080-Monitor" [_thread_blocked, id=11446]
  0x6f5106f8 JavaThread "http-8080-Processor25" daemon [_thread_in_native, id=11445]
  0x6ff0a040 JavaThread "http-8080-Processor24" daemon [_thread_blocked, id=11444]
  0x6ff09300 JavaThread "http-8080-Processor23" daemon [_thread_blocked, id=11443]
  0x6ff085c0 JavaThread "http-8080-Processor22" daemon [_thread_blocked, id=11442]
  0x6fba1818 JavaThread "http-8080-Processor21" daemon [_thread_blocked, id=11441]
  0x6fba0ad8 JavaThread "http-8080-Processor20" daemon [_thread_blocked, id=11440]
  0x6fb9fd98 JavaThread "http-8080-Processor19" daemon [_thread_blocked, id=11439]
  0x6f54e118 JavaThread "http-8080-Processor18" daemon [_thread_blocked, id=11438]
  0x6f54d3d8 JavaThread "http-8080-Processor17" daemon [_thread_blocked, id=11437]
  0x6ffb70a0 JavaThread "http-8080-Processor16" daemon [_thread_blocked, id=11436]
  0x6ffb6378 JavaThread "http-8080-Processor15" daemon [_thread_blocked, id=11435]
  0x6fbc2c10 JavaThread "http-8080-Processor14" daemon [_thread_blocked, id=11434]
  0x6fbc1f88 JavaThread "http-8080-Processor13" daemon [_thread_blocked, id=11433]
  0x6fb86cd8 JavaThread "http-8080-Processor12" daemon [_thread_blocked, id=11432]
  0x6fbfb650 JavaThread "http-8080-Processor11" daemon [_thread_blocked, id=11431]
  0x6dffd4e8 JavaThread "http-8080-Processor10" daemon [_thread_blocked, id=11430]
  0x6df0b3a8 JavaThread "http-8080-Processor9" daemon [_thread_blocked, id=11429]
  0x6fb18ff8 JavaThread "http-8080-Processor8" daemon [_thread_blocked, id=11428]
  0x6ffffe00 JavaThread "http-8080-Processor7" daemon [_thread_blocked, id=11427]
  0x6fb85e40 JavaThread "http-8080-Processor6" daemon [_thread_blocked, id=11426]
  0x6f5fecd0 JavaThread "http-8080-Processor5" daemon [_thread_blocked, id=11425]
  0x6f5feb30 JavaThread "http-8080-Processor4" daemon [_thread_blocked, id=11424]
  0x6fb86100 JavaThread "http-8080-Processor3" daemon [_thread_blocked, id=11423]
  0x6fb6b7d8 JavaThread "http-8080-Processor2" daemon [_thread_blocked, id=11422]
  0x6fb6b480 JavaThread "http-8080-Processor1" daemon [_thread_blocked, id=11421]
=>0x6fb18890 JavaThread "ContainerBackgroundProcessor[StandardEngine[Catalina]]" daemon [_thread_in_native, id=11420]
  0x6aaa5cb8 JavaThread "Low Memory Detector" daemon [_thread_blocked, id=11417]
  0x6aaa4908 JavaThread "CompilerThread1" daemon [_thread_blocked, id=11416]
  0x6aaa39b8 JavaThread "CompilerThread0" daemon [_thread_blocked, id=11415]
  0x6aaa2a38 JavaThread "AdapterThread" daemon [_thread_blocked, id=11414]
  0x6aaa1c50 JavaThread "Signal Dispatcher" daemon [_thread_blocked, id=11413]
  0x6aa98510 JavaThread "Finalizer" daemon [_thread_blocked, id=11412]
  0x6aa98018 JavaThread "Reference Handler" daemon [_thread_blocked, id=11411]
  0x0805cdb8 JavaThread "main" [_thread_in_native, id=11405]

Other Threads:
  0x6aa95d18 VMThread [id=11410]
  0x6aaa71e8 WatcherThread [id=11418]

VM state:not at safepoint (normal execution)

VM Mutex/Monitor currently owned by a thread: None

Heap
 PSYoungGen      total 37056K, used 18879K [0x66d90000, 0x69730000, 0x6a5c0000)
  eden space 35072K, 48% used [0x66d90000,0x67e16e08,0x68fd0000)
  from space 1984K, 98% used [0x690c0000,0x692a9100,0x692b0000)
  to   space 3776K, 0% used [0x69380000,0x69380000,0x69730000)
 PSOldGen        total 28736K, used 18342K [0x4abc0000, 0x4c7d0000, 0x66d90000)
  object space 28736K, 63% used [0x4abc0000,0x4bda9998,0x4c7d0000)
 PSPermGen       total 48128K, used 48061K [0x46bc0000, 0x49ac0000, 0x4abc0000)
  object space 48128K, 99% used [0x46bc0000,0x49aaf628,0x49ac0000)

Dynamic libraries:
00303000-00315000 r-xp 00000000 08:02 737373     /lib/libnsl-2.3.2.so
00315000-00316000 rw-p 00011000 08:02 737373     /lib/libnsl-2.3.2.so
00316000-00318000 rw-p 00000000 00:00 0
007d0000-007e5000 r-xp 00000000 08:02 737282     /lib/ld-2.3.2.so
007e5000-007e6000 rw-p 00015000 08:02 737282     /lib/ld-2.3.2.so
007e8000-0091b000 r-xp 00000000 08:02 4423846    /lib/tls/libc-2.3.2.so
0091b000-0091f000 rw-p 00132000 08:02 4423846    /lib/tls/libc-2.3.2.so
0091f000-00921000 rw-p 00000000 00:00 0
00923000-00944000 r-xp 00000000 08:02 4424037    /lib/tls/libm-2.3.2.so
00944000-00945000 rw-p 00020000 08:02 4424037    /lib/tls/libm-2.3.2.so
00947000-00949000 r-xp 00000000 08:02 737314     /lib/libdl-2.3.2.so
00949000-0094a000 rw-p 00001000 08:02 737314     /lib/libdl-2.3.2.so
00a72000-00a7f000 r-xp 00000000 08:02 4424038    /lib/tls/libpthread-0.60.so
00a7f000-00a80000 rw-p 0000d000 08:02 4424038    /lib/tls/libpthread-0.60.so
00a80000-00a82000 rw-p 00000000 00:00 0
00a84000-00a93000 r-xp 00000000 08:02 737366     /lib/libresolv-2.3.2.so
00a93000-00a94000 rw-p 0000f000 08:02 737366     /lib/libresolv-2.3.2.so
00a94000-00a96000 rw-p 00000000 00:00 0
08048000-08057000 r-xp 00000000 00:09 22202056   /home/java-versions/jdk1.5.0_07/bin/java
08057000-08059000 rw-p 0000e000 00:09 22202056   /home/java-versions/jdk1.5.0_07/bin/java
08059000-09f40000 rwxp 00000000 00:00 0
40000000-40001000 rw-p 00000000 00:00 0
40001000-40002000 r--p 00000000 00:00 0
40002000-40003000 rwxp 00000000 00:00 0
40003000-40009000 r-xp 00000000 00:09 19023171   /home/java-versions/jdk1.5.0_07/jre/lib/i386/native_threads/libhpi.so
40009000-4000a000 rw-p 00006000 00:09 19023171   /home/java-versions/jdk1.5.0_07/jre/lib/i386/native_threads/libhpi.so
4000a000-40012000 rw-s 00000000 08:02 1639079    /tmp/hsperfdata_gateway/11405
40012000-40014000 r--s 00000000 00:09 14599874   /home/java-versions/jdk1.5.0_07/jre/lib/ext/dnsns.jar
40014000-40015000 rw-p 00000000 00:00 0
40015000-40566000 r-xp 00000000 00:09 24430276   /home/java-versions/jdk1.5.0_07/jre/lib/i386/server/libjvm.so
40566000-405c8000 rw-p 00551000 00:09 24430276   /home/java-versions/jdk1.5.0_07/jre/lib/i386/server/libjvm.so
405c8000-409e0000 rw-p 00000000 00:00 0
409e0000-409eb000 r-xp 00000000 00:09 11011812   /home/java-versions/jdk1.5.0_07/jre/lib/i386/libverify.so
409eb000-409ec000 rw-p 0000b000 00:09 11011812   /home/java-versions/jdk1.5.0_07/jre/lib/i386/libverify.so
409ec000-409f2000 r--s 00000000 00:09 24299617   /home/gateway/QuakeSim2/portal_deploy/apache-tomcat-5.5.12/bin/bootstrap.jar
409f2000-409f3000 r--p 00000000 00:00 0
409f3000-409fd000 r-xp 00000000 08:02 737316     /lib/libnss_files-2.3.2.so
409fd000-409fe000 rw-p 0000a000 08:02 737316     /lib/libnss_files-2.3.2.so
409fe000-40a1f000 r-xp 00000000 00:09 11011794   /home/java-versions/jdk1.5.0_07/jre/lib/i386/libjava.so
40a1f000-40a21000 rw-p 00020000 00:09 11011794   /home/java-versions/jdk1.5.0_07/jre/lib/i386/libjava.so
40a21000-40a34000 r-xp 00000000 00:09 11011813   /home/java-versions/jdk1.5.0_07/jre/lib/i386/libzip.so
40a34000-40a36000 rw-p 00012000 00:09 11011813   /home/java-versions/jdk1.5.0_07/jre/lib/i386/libzip.so
40a36000-40b5c000 r--s 00000000 00:09 24299609   /home/gateway/QuakeSim2/portal_deploy/apache-tomcat-5.5.12/common/endorsed/xercesImpl.jar
40b5c000-40b8c000 r--s 00000000 00:09 24299610   /home/gateway/QuakeSim2/portal_deploy/apache-tomcat-5.5.12/common/endorsed/xml-apis.jar
40b8c000-43190000 r--s 00000000 00:09 11110119   /home/java-versions/jdk1.5.0_07/jre/lib/rt.jar
43190000-431f9000 rw-p 00000000 00:00 0
431f9000-4327e000 r--s 00000000 00:09 11110112   /home/java-versions/jdk1.5.0_07/jre/lib/jsse.jar
4327e000-43293000 r--s 00000000 00:09 11110110   /home/java-versions/jdk1.5.0_07/jre/lib/jce.jar
43293000-43b00000 r--s 00000000 00:09 11110111   /home/java-versions/jdk1.5.0_07/jre/lib/charsets.jar
43b00000-43fe0000 rwxp 00000000 00:00 0
43fe0000-46b00000 rwxp 004e0000 00:00 0
46b00000-46b14000 rwxp 00000000 00:00 0
46b14000-46bc0000 rwxp 03014000 00:00 0
46bc0000-49ac0000 rwxp 00000000 00:00 0
49ac0000-4abc0000 rwxp 05fc0000 00:00 0
4abc0000-4c7d0000 rwxp 00000000 00:00 0
4c7d0000-66d90000 rwxp 08cd0000 00:00 0
66d90000-69730000 rwxp 00000000 00:00 0
69730000-6a5c0000 rwxp 26950000 00:00 0
6a5c0000-6a5d8000 rwxp 00000000 00:00 0
6a5d8000-6a5e0000 rwxp 26ad8000 00:00 0
6a5e0000-6a5ef000 rwxp 00000000 00:00 0
6a5ef000-6a6c0000 rwxp 26aef000 00:00 0
6a6c0000-6a6d6000 rwxp 00000000 00:00 0
6a6d6000-6a6dd000 rwxp 00000000 00:00 0
6a6dd000-6a6ed000 rwxp 0001d000 00:00 0
6a6ed000-6a7bf000 rwxp 0000f000 00:00 0
6a7bf000-6a7d7000 rwxp 00000000 00:00 0
6a7d7000-6a7df000 rwxp 000f9000 00:00 0
6a7df000-6a7e0000 ---p 00000000 00:00 0
6a7e0000-6a860000 rwxp 00001000 00:00 0
6a860000-6a861000 ---p 00081000 00:00 0
6a861000-6a8e1000 rwxp 00082000 00:00 0
6a8e1000-6a8e2000 ---p 00102000 00:00 0
6a8e2000-6a962000 rwxp 00103000 00:00 0
6a962000-6a963000 ---p 00183000 00:00 0
6a963000-6a9e3000 rwxp 00184000 00:00 0
6a9e3000-6a9e6000 r--s 00000000 00:09 24299620   /home/gateway/QuakeSim2/portal_deploy/apache-tomcat-5.5.12/bin/commons-daemon.jar
6a9e6000-6a9ed000 r--s 00000000 00:09 24299621   /home/gateway/QuakeSim2/portal_deploy/apache-tomcat-5.5.12/bin/commons-logging-api.jar
6a9ed000-6a9f1000 r--s 00000000 00:09 24299630   /home/gateway/QuakeSim2/portal_deploy/apache-tomcat-5.5.12/bin/tomcat-juli.jar
6a9f1000-6a9fb000 r--s 00000000 00:09 16762968   /home/gateway/QuakeSim2/portal_deploy/apache-tomcat-5.5.12/common/i18n/tomcat-i18n-en.jar
6a9fb000-6aa00000 r--s 00000000 00:09 14174304   /home/gateway/QuakeSim2/portal_deploy/apache-tomcat-5.5.12/server/lib/servlets-default.jar
6aa00000-6aaf9000 rw-p 0001d000 00:00 0
6aaf9000-6ab00000 ---p 0003e000 00:00 0
6ab00000-6ab01000 ---p 00000000 00:00 0
6ab01000-6ab81000 rwxp 00001000 00:00 0
6ab81000-6ab84000 ---p 00081000 00:00 0
6ab84000-6ac02000 rwxp 00084000 00:00 0
6ac02000-6ac05000 ---p 00102000 00:00 0
6ac05000-6ac83000 rwxp 00105000 00:00 0
6ac83000-6ae83000 r--p 00000000 08:02 3277651    /usr/lib/locale/locale-archive
6ae83000-6ae86000 ---p 00003000 00:00 0
6ae86000-6af04000 rwxp 00006000 00:00 0
6af04000-6af07000 ---p 00084000 00:00 0
6af07000-6af85000 rwxp 00087000 00:00 0
6af85000-6af88000 ---p 00105000 00:00 0
6af88000-6b006000 rwxp 00108000 00:00 0
6b006000-6b009000 ---p 00186000 00:00 0
6b009000-6b087000 rwxp 00189000 00:00 0
6b087000-6b08a000 ---p 00207000 00:00 0
6b08a000-6b108000 rwxp 0020a000 00:00 0
6b108000-6b109000 ---p 00288000 00:00 0
6b109000-6b189000 rwxp 00289000 00:00 0
6b189000-6b24d000 r--s 00000000 00:09 14599875   /home/java-versions/jdk1.5.0_07/jre/lib/ext/localedata.jar
6b24d000-6b274000 r--s 00000000 00:09 14599876   /home/java-versions/jdk1.5.0_07/jre/lib/ext/sunjce_provider.jar
6b274000-6b29f000 r--s 00000000 00:09 14599877   /home/java-versions/jdk1.5.0_07/jre/lib/ext/sunpkcs11.jar
6b29f000-6b303000 r--s 00000000 00:09 24299608   /home/gateway/QuakeSim2/portal_deploy/apache-tomcat-5.5.12/bin/jmx.jar
6b303000-6b30c000 r--s 00000000 00:09 16762969   /home/gateway/QuakeSim2/portal_deploy/apache-tomcat-5.5.12/common/i18n/tomcat-i18n-es.jar
6b30c000-6b314000 r--s 00000000 00:09 16762970   /home/gateway/QuakeSim2/portal_deploy/apache-tomcat-5.5.12/common/i18n/tomcat-i18n-fr.jar
6b314000-6b31d000 r--s 00000000 00:09 16762971   /home/gateway/QuakeSim2/portal_deploy/apache-tomcat-5.5.12/common/i18n/tomcat-i18n-ja.jar
6b31d000-6b339000 r--s 00000000 00:09 16762972   /home/gateway/QuakeSim2/portal_deploy/apache-tomcat-5.5.12/common/lib/commons-el.jar
6b339000-6b39c000 r--s 00000000 00:09 16762974   /home/gateway/QuakeSim2/portal_deploy/apache-tomcat-5.5.12/common/lib/jasper-compiler.jar
6b39c000-6b3af000 r--s 00000000 00:09 16762975   /home/gateway/QuakeSim2/portal_deploy/apache-tomcat-5.5.12/common/lib/jasper-runtime.jar
6b3af000-6b3bc000 r--s 00000000 00:09 16762976   /home/gateway/QuakeSim2/portal_deploy/apache-tomcat-5.5.12/common/lib/jsp-api.jar
6b3bc000-6b3e2000 r--s 00000000 00:09 16762977   /home/gateway/QuakeSim2/portal_deploy/apache-tomcat-5.5.12/common/lib/naming-factory-dbcp.jar
6b3e2000-6b3eb000 r--s 00000000 00:09 16762978   /home/gateway/QuakeSim2/portal_deploy/apache-tomcat-5.5.12/common/lib/naming-factory.jar
6b3eb000-6b3f7000 r--s 00000000 00:09 16762979   /home/gateway/QuakeSim2/portal_deploy/apache-tomcat-5.5.12/common/lib/naming-resources.jar
6b3f7000-6b3fd000 r--s 00000000 00:09 14174296   /home/gateway/QuakeSim2/portal_deploy/apache-tomcat-5.5.12/server/lib/catalina-ant-jmx.jar
6b3fd000-6b3ff000 r--s 00000000 00:09 14174305   /home/gateway/QuakeSim2/portal_deploy/apache-tomcat-5.5.12/server/lib/servlets-invoker.jar
6b400000-6b4fd000 rw-p 000fd000 00:00 0
6b4fd000-6b500000 ---p 00126000 00:00 0
6b500000-6b627000 r--s 00000000 00:09 16762973   /home/gateway/QuakeSim2/portal_deploy/apache-tomcat-5.5.12/common/lib/jasper-compiler-jdt.jar
6b627000-6b63f000 r--s 00000000 00:09 16762980   /home/gateway/QuakeSim2/portal_deploy/apache-tomcat-5.5.12/common/lib/servlet-api.jar
6b63f000-6b646000 r--s 00000000 00:09 14174297   /home/gateway/QuakeSim2/portal_deploy/apache-tomcat-5.5.12/server/lib/catalina-ant.jar
6b646000-6b678000 r--s 00000000 00:09 14174298   /home/gateway/QuakeSim2/portal_deploy/apache-tomcat-5.5.12/server/lib/catalina-cluster.jar
6b678000-6b695000 r--s 00000000 00:09 14174299   /home/gateway/QuakeSim2/portal_deploy/apache-tomcat-5.5.12/server/lib/catalina-optional.jar
6b695000-6b6a5000 r--s 00000000 00:09 14174300   /home/gateway/QuakeSim2/portal_deploy/apache-tomcat-5.5.12/server/lib/catalina-storeconfig.jar
6b6a5000-6b743000 r--s 00000000 00:09 14174301   /home/gateway/QuakeSim2/portal_deploy/apache-tomcat-5.5.12/server/lib/catalina.jar
6b743000-6b75e000 r--s 00000000 00:09 14174302   /home/gateway/QuakeSim2/portal_deploy/apache-tomcat-5.5.12/server/lib/commons-modeler.jar
6b75e000-6b764000 r--s 00000000 00:09 14174307   /home/gateway/QuakeSim2/portal_deploy/apache-tomcat-5.5.12/server/lib/servlets-webdav.jar
6b764000-6b78d000 r--s 00000000 00:09 14174308   /home/gateway/QuakeSim2/portal_deploy/apache-tomcat-5.5.12/server/lib/tomcat-ajp.jar
6b78d000-6b793000 r--s 00000000 00:09 14174309   /home/gateway/QuakeSim2/portal_deploy/apache-tomcat-5.5.12/server/lib/tomcat-apr.jar
6b793000-6b798000 r--s 00000000 00:09 14174310   /home/gateway/QuakeSim2/portal_deploy/apache-tomcat-5.5.12/server/lib/tomcat-coyote.jar
6b798000-6b7ae000 r--s 00000000 00:09 14174311   /home/gateway/QuakeSim2/portal_deploy/apache-tomcat-5.5.12/server/lib/tomcat-http.jar
6b7ae000-6b7ef000 r--s 00000000 00:09 14174312   /home/gateway/QuakeSim2/portal_deploy/apache-tomcat-5.5.12/server/lib/tomcat-util.jar
6b7ef000-6b7fe000 r--s 00000000 00:09 23545959   /home/gateway/QuakeSim2/portal_deploy/apache-tomcat-5.5.12/shared/lib/commons-beanutils-1.3.jar
6b800000-6ba00000 rw-p 00011000 00:00 0
6ba00000-6ba14000 r-xp 00000000 00:09 11011807   /home/java-versions/jdk1.5.0_07/jre/lib/i386/libnet.so
6ba14000-6ba15000 rw-p 00013000 00:09 11011807   /home/java-versions/jdk1.5.0_07/jre/lib/i386/libnet.so
6ba15000-6ba18000 r--s 00000000 00:09 14272605   /home/gateway/QuakeSim2/portal_deploy/apache-tomcat-5.5.12/webapps/analyze-tseri-exec/WEB-INF/lib/ant-launcher-1.6.5.jar
6ba18000-6ba20000 r--s 00000000 00:09 14272559   /home/gateway/QuakeSim2/portal_deploy/apache-tomcat-5.5.12/webapps/analyze-tseri-exec/WEB-INF/lib/axis-jaxrpc-1.4.jar
6ba20000-6ba25000 r--s 00000000 00:09 14272597   /home/gateway/QuakeSim2/portal_deploy/apache-tomcat-5.5.12/webapps/analyze-tseri-exec/WEB-INF/lib/axis-saaj-1.4.jar
6ba25000-6ba44000 r--s 00000000 00:09 14272602   /home/gateway/QuakeSim2/portal_deploy/apache-tomcat-5.5.12/webapps/analyze-tseri-exec/WEB-INF/lib/axis-wsdl4j-1.5.1.jar
6ba4a000-6bac1000 r--s 00000000 00:09 23545956   /home/gateway/QuakeSim2/portal_deploy/apache-tomcat-5.5.12/shared/lib/dom4j-1.4.jar
6bac1000-6bac9000 r--s 00000000 00:09 23545960   /home/gateway/QuakeSim2/portal_deploy/apache-tomcat-5.5.12/shared/lib/jakarta-regexp-1.2.jar
6bac9000-6bae0000 r--s 00000000 00:09 23545961   /home/gateway/QuakeSim2/portal_deploy/apache-tomcat-5.5.12/shared/lib/jakarta-oro.jar
6bae0000-6bae7000 r--s 00000000 00:09 23545962   /home/gateway/QuakeSim2/portal_deploy/apache-tomcat-5.5.12/shared/lib/log4j-sandbox-0.3alpha.jar
6bae7000-6baf3000 r--s 00000000 00:09 23545964   /home/gateway/QuakeSim2/portal_deploy/apache-tomcat-5.5.12/shared/lib/commons-io-1.0.jar
6baf3000-6bafd000 r--s 00000000 00:09 23545965   /home/gateway/QuakeSim2/portal_deploy/apache-tomcat-5.5.12/shared/lib/commons-logging-1.0.4.jar
6bafd000-6bb00000 r--s 00000000 00:09 23545971   /home/gateway/QuakeSim2/portal_deploy/apache-tomcat-5.5.12/shared/lib/jta.jar
6bb00000-6bbfb000 rw-p 00072000 00:00 0
6bbfb000-6bc00000 ---p 0009b000 00:00 0
6bc00000-6bdfe000 rw-p 000a0000 00:00 0
6bdfe000-6be00000 ---p 00000000 00:00 0
6be00000-6befd000 r--s 00000000 00:09 23545955   /home/gateway/QuakeSim2/portal_deploy/apache-tomcat-5.5.12/shared/lib/ant.jar
6befd000-6bf52000 r--s 00000000 00:09 23545957   /home/gateway/QuakeSim2/portal_deploy/apache-tomcat-5.5.12/shared/lib/mail.jar
6bf52000-6bf93000 r--s 00000000 00:09 23545958   /home/gateway/QuakeSim2/portal_deploy/apache-tomcat-5.5.12/shared/lib/hsqldb-1.7.1.jar
6bf93000-6c06e000 r--s 00000000 00:09 23545963   /home/gateway/QuakeSim2/portal_deploy/apache-tomcat-5.5.12/shared/lib/jfreechart-0.9.18.jar
6c06e000-6c0a6000 r--s 00000000 00:09 23545966   /home/gateway/QuakeSim2/portal_deploy/apache-tomcat-5.5.12/shared/lib/cactus-framework-20030401.jar
6c0a6000-6c0aa000 r--s 00000000 00:09 23545967   /home/gateway/QuakeSim2/portal_deploy/apache-tomcat-5.5.12/shared/lib/portals-bridges-common-0.4-SNAPSHOT.jar
6c0aa000-6c0b3000 r--s 00000000 00:09 23545973   /home/gateway/QuakeSim2/portal_deploy/apache-tomcat-5.5.12/shared/lib/tmf.jar
6c0b3000-6c0d1000 r--s 00000000 00:09 23545974   /home/gateway/QuakeSim2/portal_deploy/apache-tomcat-5.5.12/shared/lib/junit-3.8.1.jar
6c0d1000-6c0d8000 r--s 00000000 00:09 23545975   /home/gateway/QuakeSim2/portal_deploy/apache-tomcat-5.5.12/shared/lib/cactus-integration-ant-20030401.jar
6c0d8000-6c0e4000 r--s 00000000 00:09 23545976   /home/gateway/QuakeSim2/portal_deploy/apache-tomcat-5.5.12/shared/lib/jaimlib.jar
6c0e4000-6c130000 r--s 00000000 00:09 23545977   /home/gateway/QuakeSim2/portal_deploy/apache-tomcat-5.5.12/shared/lib/cglib-full-2.0.2.jar
6c130000-6c134000 r--s 00000000 00:09 23545978   /home/gateway/QuakeSim2/portal_deploy/apache-tomcat-5.5.12/shared/lib/ant-contrib-0.3.jar
6c134000-6c142000 r--s 00000000 00:09 23545979   /home/gateway/QuakeSim2/portal_deploy/apache-tomcat-5.5.12/shared/lib/activation.jar
6c142000-6c146000 r--s 00000000 00:09 23545981   /home/gateway/QuakeSim2/portal_deploy/apache-tomcat-5.5.12/shared/lib/odmg-3.0.jar
6c146000-6c15a000 r--s 00000000 00:09 23545983   /home/gateway/QuakeSim2/portal_deploy/apache-tomcat-5.5.12/shared/lib/gridsphere-provider-2.1.jar
6c15a000-6c161000 r--s 00000000 00:09 23545987   /home/gateway/QuakeSim2/portal_deploy/apache-tomcat-5.5.12/shared/lib/aspectjrt.jar
6c166000-6c19d000 r--s 00000000 00:09 23545968   /home/gateway/QuakeSim2/portal_deploy/apache-tomcat-5.5.12/shared/lib/commons-httpclient-2.0.1.jar
6c19d000-6c1a3000 r--s 00000000 00:09 23545969   /home/gateway/QuakeSim2/portal_deploy/apache-tomcat-5.5.12/shared/lib/gridsphere-service-framework-2.1.jar
6c1a3000-6c1a9000 r--s 00000000 00:09 23545970   /home/gateway/QuakeSim2/portal_deploy/apache-tomcat-5.5.12/shared/lib/commons-fileupload-1.0.jar
6c1a9000-6c368000 r--s 00000000 00:09 23545972   /home/gateway/QuakeSim2/portal_deploy/apache-tomcat-5.5.12/shared/lib/spring-1.2.3.jar
6c368000-6c3bf000 r--s 00000000 00:09 23545982   /home/gateway/QuakeSim2/portal_deploy/apache-tomcat-5.5.12/shared/lib/log4j-1.2.8.jar
6c3bf000-6c3cc000 r--s 00000000 00:09 23545984   /home/gateway/QuakeSim2/portal_deploy/apache-tomcat-5.5.12/shared/lib/ehcache-0.9.jar
6c3cc000-6c3f7000 r--s 00000000 00:09 23545986   /home/gateway/QuakeSim2/portal_deploy/apache-tomcat-5.5.12/shared/lib/commons-collections-2.1.1.jar
6c400000-6c4f8000 rw-p 00098000 00:00 0
6c4f8000-6c500000 ---p 000bb000 00:00 0
6c500000-6c5c4000 r--s 00000000 00:09 23545980   /home/gateway/QuakeSim2/portal_deploy/apache-tomcat-5.5.12/shared/lib/poi-2.5.1-final-20040804.jar
6c5c4000-6c621000 r--s 00000000 00:09 23545985   /home/gateway/QuakeSim2/portal_deploy/apache-tomcat-5.5.12/shared/lib/jcommon-0.9.3.jar
6c621000-6c62f000 r--s 00000000 00:09 23545990   /home/gateway/QuakeSim2/portal_deploy/apache-tomcat-5.5.12/shared/lib/portlet-jsr-api-2.1.jar
6c62f000-6c654000 r--s 00000000 00:09 23545991   /home/gateway/QuakeSim2/portal_deploy/apache-tomcat-5.5.12/shared/lib/jdom-1.0.jar
6c654000-6c69f000 r--s 00000000 00:09 23545993   /home/gateway/QuakeSim2/portal_deploy/apache-tomcat-5.5.12/shared/lib/XMLChartDataset.jar
6c69f000-6c6b1000 r--s 00000000 00:09 14272604   /home/gateway/QuakeSim2/portal_deploy/apache-tomcat-5.5.12/webapps/analyze-tseri-exec/WEB-INF/lib/commons-discovery-0.2.jar
6c6b1000-6c6bb000 r--s 00000000 00:09 14272601   /home/gateway/QuakeSim2/portal_deploy/apache-tomcat-5.5.12/webapps/analyze-tseri-exec/WEB-INF/lib/commons-logging-1.0.4.jar
6c6f2000-6c704000 r--s 00000000 00:09 23545988   /home/gateway/QuakeSim2/portal_deploy/apache-tomcat-5.5.12/shared/lib/portlet-api-2.1.jar
6c704000-6c79d000 r--s 00000000 00:09 23545989   /home/gateway/QuakeSim2/portal_deploy/apache-tomcat-5.5.12/shared/lib/gridsphere-portal-2.1.jar
6c79d000-6c88a000 r--s 00000000 00:09 23545992   /home/gateway/QuakeSim2/portal_deploy/apache-tomcat-5.5.12/shared/lib/hibernate2.jar
6c88a000-6c8e0000 r--s 00000000 00:09 23545994   /home/gateway/QuakeSim2/portal_deploy/apache-tomcat-5.5.12/shared/lib/c3p0-0.8.4.5.jar
6c8e0000-6ca19000 r--s 00000000 00:09 23545995   /home/gateway/QuakeSim2/portal_deploy/apache-tomcat-5.5.12/shared/lib/castor-0.9.7-xml.jar
6ca19000-6ca1c000 ---p 00003000 00:00 0
6ca1c000-6ca9a000 rwxp 00006000 00:00 0
6ca9a000-6ca9d000 ---p 00084000 00:00 0
6ca9d000-6cb1b000 rwxp 00087000 00:00 0
6cb1b000-6cb1e000 ---p 00105000 00:00 0
6cb1e000-6cb9c000 rwxp 00108000 00:00 0
6cb9c000-6cb9f000 ---p 00186000 00:00 0
6cb9f000-6cc1d000 rwxp 00189000 00:00 0
6cc1d000-6cc20000 ---p 00207000 00:00 0
6cc20000-6cc9e000 rwxp 0020a000 00:00 0
6ccf9000-6ccfd000 r-xp 00000000 08:02 737313     /lib/libnss_dns-2.3.2.so
6ccfd000-6ccfe000 rw-p 00003000 08:02 737313     /lib/libnss_dns-2.3.2.so
6cd00000-6ce00000 rw-p 000d3000 00:00 0
6ce00000-6ce03000 ---p 00003000 00:00 0
6ce03000-6ce81000 rwxp 00006000 00:00 0
6ceb3000-6cebe000 r--s 00000000 00:09 280697     /home/gateway/QuakeSim2/portal_deploy/apache-tomcat-5.5.12/webapps/StationMonitor-portlet/WEB-INF/lib/portals-bridges-jsf-1.0.jar
6cebe000-6cec9000 r--s 00000000 00:09 395018     /home/gateway/QuakeSim2/portal_deploy/apache-tomcat-5.5.12/webapps/RealTimeRDAHMM-portlet/WEB-INF/lib/portals-bridges-jsf-1.0.jar
6cecd000-6ced8000 r--s 00000000 00:09 11389023   /home/gateway/QuakeSim2/portal_deploy/apache-tomcat-5.5.12/webapps/STFILTER-portlet/WEB-INF/lib/portals-bridges-jsf-1.0.jar
6ced9000-6cfb5000 r--s 00000000 00:09 24512615   /home/gateway/QuakeSim2/portal_deploy/apache-tomcat-5.5.12/webapps/SimpleRDAHMMClient/WEB-INF/lib/tomahawk-1.1.0.jar
6d000000-6d100000 rw-p 000c7000 00:00 0
6d100000-6d103000 ---p 00003000 00:00 0
6d103000-6d181000 rwxp 00006000 00:00 0
6d181000-6d184000 ---p 00084000 00:00 0
6d184000-6d202000 rwxp 00087000 00:00 0
6d202000-6d205000 ---p 00105000 00:00 0
6d205000-6d283000 rwxp 00108000 00:00 0
6d283000-6d286000 ---p 00186000 00:00 0
6d286000-6d304000 rwxp 00189000 00:00 0
6d304000-6d307000 ---p 00207000 00:00 0
6d307000-6d385000 rwxp 0020a000 00:00 0
6d385000-6d388000 ---p 00288000 00:00 0
6d388000-6d406000 rwxp 0028b000 00:00 0
6d406000-6d409000 ---p 00309000 00:00 0
6d409000-6d487000 rwxp 0030c000 00:00 0
6d487000-6d48a000 ---p 0038a000 00:00 0
6d48a000-6d508000 rwxp 0038d000 00:00 0
6d508000-6d50b000 ---p 0040b000 00:00 0
6d50b000-6d589000 rwxp 0040e000 00:00 0
6d5ea000-6d6c6000 r--s 00000000 00:09 395024     /home/gateway/QuakeSim2/portal_deploy/apache-tomcat-5.5.12/webapps/RealTimeRDAHMM-portlet/WEB-INF/lib/tomahawk-1.1.0.jar
6d6e6000-6d7c2000 r--s 00000000 00:09 280703     /home/gateway/QuakeSim2/portal_deploy/apache-tomcat-5.5.12/webapps/StationMonitor-portlet/WEB-INF/lib/tomahawk-1.1.0.jar
6d7c2000-6d7c5000 ---p 00003000 00:00 0
6d7c5000-6d843000 rwxp 00006000 00:00 0
6d896000-6d899000 ---p 00003000 00:00 0
6d899000-6d917000 rwxp 00006000 00:00 0
6d982000-6da5e000 r--s 00000000 00:09 11389029   /home/gateway/QuakeSim2/portal_deploy/apache-tomcat-5.5.12/webapps/STFILTER-portlet/WEB-INF/lib/tomahawk-1.1.0.jar
6dac4000-6dac7000 ---p 00003000 00:00 0
6dac7000-6db45000 rwxp 00006000 00:00 0
6db59000-6dc35000 r--s 00000000 00:09 14452862   /home/gateway/QuakeSim2/portal_deploy/apache-tomcat-5.5.12/webapps/StationMonitor/WEB-INF/lib/tomahawk-1.1.0.jar
6dc35000-6dc38000 ---p 00003000 00:00 0
6dc38000-6dcb6000 rwxp 00006000 00:00 0
6dcb6000-6dcb9000 ---p 00084000 00:00 0
6dcb9000-6dd37000 rwxp 00087000 00:00 0
6dd37000-6dd3a000 ---p 00105000 00:00 0
6dd3a000-6ddb8000 rwxp 00108000 00:00 0
6ddb8000-6ddbb000 ---p 00186000 00:00 0
6ddbb000-6de39000 rwxp 00189000 00:00 0
6de39000-6de3c000 ---p 00207000 00:00 0
6de3c000-6deba000 rwxp 0020a000 00:00 0
6df00000-6dffe000 rw-p 00070000 00:00 0
6dffe000-6e000000 ---p 00099000 00:00 0
6e000000-6e003000 ---p 00003000 00:00 0
6e003000-6e081000 rwxp 00006000 00:00 0
6e0e3000-6e0ee000 r--s 00000000 00:09 12470368   /home/gateway/QuakeSim2/portal_deploy/apache-tomcat-5.5.12/webapps/RDAHMM-portlet/WEB-INF/lib/portals-bridges-jsf-1.0.jar
6e125000-6e201000 r--s 00000000 00:09 12470376   /home/gateway/QuakeSim2/portal_deploy/apache-tomcat-5.5.12/webapps/RDAHMM-portlet/WEB-INF/lib/tomahawk-1.1.0.jar
6e20b000-6e2e7000 r--s 00000000 00:09 10668137   /home/gateway/QuakeSim2/portal_deploy/apache-tomcat-5.5.12/webapps/RDAHMM/WEB-INF/lib/tomahawk-1.1.0.jar
6e2e7000-6e3c3000 r--s 00000000 00:09 10815586   /home/gateway/QuakeSim2/portal_deploy/apache-tomcat-5.5.12/webapps/simple_stfilter/WEB-INF/lib/tomahawk-1.1.0.jar
6e400000-6e4f1000 rw-p 00013000 00:00 0
6e4f1000-6e500000 ---p 00034000 00:00 0
6e500000-6e503000 ---p 00003000 00:00 0
6e503000-6e581000 rwxp 00006000 00:00 0
6e600000-6e800000 rw-p 000e6000 00:00 0
6e800000-6e8dc000 r--s 00000000 00:09 24119381   /home/gateway/QuakeSim2/portal_deploy/apache-tomcat-5.5.12/webapps/STFILTER/WEB-INF/lib/tomahawk-1.1.0.jar
6e900000-6e9fb000 rw-p 0002e000 00:00 0
6e9fb000-6ea00000 ---p 00060000 00:00 0
6ea00000-6eafe000 rw-p 00065000 00:00 0
6eafe000-6eb00000 ---p 00097000 00:00 0
6eb00000-6ebfc000 rw-p 00099000 00:00 0
6ebfc000-6ec00000 ---p 000c5000 00:00 0
6ec00000-6f5ff000 rw-p 000c9000 00:00 0
6f5ff000-6f600000 ---p 00081000 00:00 0
6f600000-6f6fd000 rw-p 00082000 00:00 0
6f6fd000-6f700000 ---p 000ab000 00:00 0
6f700000-6fa00000 rw-p 000ae000 00:00 0
6fa00000-6fa03000 ---p 00003000 00:00 0
6fa03000-6fa81000 rwxp 00006000 00:00 0
6fb00000-6fbfc000 rw-p 00158000 00:00 0
6fbfc000-6fc00000 ---p 00000000 00:00 0
6fc00000-6fd21000 rw-p 00004000 00:00 0
6fd21000-6fe00000 ---p 00000000 00:00 0
6fe00000-6fefd000 r--s 00000000 00:09 14272600   /home/gateway/QuakeSim2/portal_deploy/apache-tomcat-5.5.12/webapps/analyze-tseri-exec/WEB-INF/lib/ant-1.6.5.jar
6ff00000-70000000 rw-p 00304000 00:00 0
70100000-70121000 rw-p 0017f000 00:00 0
70121000-70200000 ---p 001a2000 00:00 0
70200000-70203000 ---p 00003000 00:00 0
70203000-70281000 rwxp 00006000 00:00 0
70281000-70284000 ---p 00084000 00:00 0
70284000-70302000 rwxp 00087000 00:00 0
70302000-70305000 ---p 00105000 00:00 0
70305000-70383000 rwxp 00108000 00:00 0
70383000-70386000 ---p 00186000 00:00 0
70386000-70404000 rwxp 00189000 00:00 0
70404000-70407000 ---p 00207000 00:00 0
70407000-70485000 rwxp 0020a000 00:00 0
70485000-70488000 ---p 00288000 00:00 0
70488000-70506000 rwxp 0028b000 00:00 0
70506000-7068d000 r--s 00000000 00:09 14272584   /home/gateway/QuakeSim2/portal_deploy/apache-tomcat-5.5.12/webapps/analyze-tseri-exec/WEB-INF/lib/axis-1.4.jar
7068d000-70a5f000 r--s 00000000 00:09 14272606   /home/gateway/QuakeSim2/portal_deploy/apache-tomcat-5.5.12/webapps/analyze-tseri-exec/WEB-INF/lib/grwsXmlBeansSchemas-1.0.jar
72958000-7295b000 rwxp 00000000 00:00 0
7295b000-729d9000 rwxp 00006000 00:00 0
729d9000-729dc000 rwxp 00000000 00:00 0
729dc000-72a5a000 rwxp 00087000 00:00 0
72a5a000-72a5d000 rwxp 00000000 00:00 0
72a5d000-72adb000 rwxp 00108000 00:00 0
72adb000-72ade000 rwxp 00000000 00:00 0
72ade000-72b5c000 rwxp 00189000 00:00 0
bfe00000-bfe03000 ---p 00000000 00:00 0
bfe03000-c0000000 rwxp ffe05000 00:00 0

VM Arguments:
jvm_args: -Djava.util.logging.manager=org.apache.juli.ClassLoaderLogManager -Djava.util.logging.config.file=/home/gateway/QuakeSim2/portal_deploy/apache-tomcat-5.5.12/conf/logging.properties -Djava.endorsed.dirs=/home/gateway/QuakeSim2/portal_deploy/apache-tomcat-5.5.12/common/endorsed -Dcatalina.base=/home/gateway/QuakeSim2/portal_deploy/apache-tomcat-5.5.12 -Dcatalina.home=/home/gateway/QuakeSim2/portal_deploy/apache-tomcat-5.5.12 -Djava.io.tmpdir=/home/gateway/QuakeSim2/portal_deploy/apache-tomcat-5.5.12/temp
java_command: org.apache.catalina.startup.Bootstrap start
Launcher Type: SUN_STANDARD

Environment Variables:
JAVA_HOME=/home/java-versions/jdk1.5.0_07
PATH=/home/gateway/QuakeSim2/third_party_tools/apache-ant-1.6.5/bin:/home/gateway/QuakeSim2/third_party_tools/maven-2.0.4/bin:/home/gateway/maven-1.0.2/bin:/home/gateway/apache-ant-1.6.4/bin:/home/java-versions/jdk1.5.0_07/bin:/usr/kerberos/bin:/usr/local/bin:/bin:/usr/bin:/usr/java/j2sdk1.4.2_03/bin:/usr/X11R6/bin:/home/gateway/bin:/home/gateway/maven-1.0.2/bin:/home/gateway/apache-ant-1.6.4/bin:/home/java-versions/jdk1.5.0_07/bin:/usr/kerberos/bin:/usr/local/bin:/bin:/usr/bin:/usr/java/j2sdk1.4.2_03/bin:/usr/X11R6/bin:/usr/local/rsi/idl_6.0/bin/bin.linux.x86
LD_LIBRARY_PATH=/home/java-versions/jdk1.5.0_07/jre/lib/i386/server:/home/java-versions/jdk1.5.0_07/jre/lib/i386:/home/java-versions/jdk1.5.0_07/jre/../lib/i386:/usr/local/rsi/idl_6.0/bin/bin.linux.x86:/home/gateway/BerkeleyDB.4.2.52/lib/:/home/gateway/xerces-c-2.4.0/lib:/home/gateway/pathan-1.2/lib/:/home/gateway/dbxml-1.2.1/build_unix/.libs/:/home/gateway/BerkeleyDBXML.1.2.1/lib
SHELL=/bin/bash
DISPLAY=156.56.104.30:0.0

Signal Handlers:
SIGSEGV: [libjvm.so+0x5016a0], sa_mask[0]=0x7ffbfeff, sa_flags=0x14000004
SIGBUS: [libjvm.so+0x5016a0], sa_mask[0]=0x7ffbfeff, sa_flags=0x14000004
SIGFPE: [libjvm.so+0x426c00], sa_mask[0]=0x7ffbfeff, sa_flags=0x14000004
SIGPIPE: [libjvm.so+0x426c00], sa_mask[0]=0x7ffbfeff, sa_flags=0x14000004
SIGILL: [libjvm.so+0x426c00], sa_mask[0]=0x7ffbfeff, sa_flags=0x14000004
SIGUSR1: SIG_DFL, sa_mask[0]=0x00000000, sa_flags=0x00000000
SIGUSR2: [libjvm.so+0x429050], sa_mask[0]=0x00000000, sa_flags=0x14000004
SIGHUP: [libjvm.so+0x428a80], sa_mask[0]=0x7ffbfeff, sa_flags=0x14000004
SIGINT: SIG_IGN, sa_mask[0]=0x00000000, sa_flags=0x00000000
SIGQUIT: [libjvm.so+0x428a80], sa_mask[0]=0x7ffbfeff, sa_flags=0x14000004
SIGTERM: [libjvm.so+0x428a80], sa_mask[0]=0x7ffbfeff, sa_flags=0x14000004


---------------  S Y S T E M  ---------------

OS:Fedora Core release 1 (Yarrow)

uname:Linux 2.4.22-1.2199.nptlsmp #1 SMP Wed Aug 4 11:48:29 EDT 2004 i686
libc:glibc 2.3.2 NPTL 0.60 
rlimit: STACK 10240k, CORE 0k, NPROC 7168, NOFILE 1024, AS infinity
load average:0.28 0.11 0.22

CPU:total 4 family 15, cmov, cx8, fxsr, mmx, sse, sse2, ht

Memory: 4k page, physical 2068176k(136692k free), swap 1831400k(1645172k free)

vm_info: Java HotSpot(TM) Server VM (1.5.0_07-b03) for linux-x86, built on May  3 2006 00:32:58 by java_re with gcc 3.2.1-7a (J2SE release)

