
An unexpected exception has been detected in native code outside the VM.
Unexpected Signal : 7 occurred at PC=0x4048E4E1
Function=(null)+0x4048E4E1
Library=/usr/java/j2sdk1.4.2_03/jre/lib/i386/libzip.so

NOTE: We are unable to locate the function name symbol for the error
      just occurred. Please refer to release documentation for possible
      reason and solutions.


Current Java thread:
	at java.util.zip.ZipFile.getEntry(Native Method)
	at java.util.zip.ZipFile.getEntry(ZipFile.java:146)
	- locked <0x479c2260> (a java.util.jar.JarFile)
	at java.util.jar.JarFile.getEntry(JarFile.java:194)
	at java.util.jar.JarFile.getJarEntry(JarFile.java:181)
	at org.apache.catalina.loader.WebappClassLoader.findResourceInternal(WebappClassLoader.java:1795)
	- locked <0x47877098> (a [Ljava.util.jar.JarFile;)
	at org.apache.catalina.loader.WebappClassLoader.findClassInternal(WebappClassLoader.java:1587)
	at org.apache.catalina.loader.WebappClassLoader.findClass(WebappClassLoader.java:856)
	at org.apache.catalina.loader.WebappClassLoader.loadClass(WebappClassLoader.java:1305)
	at org.apache.catalina.loader.WebappClassLoader.loadClass(WebappClassLoader.java:1187)
	at java.lang.ClassLoader.loadClassInternal(ClassLoader.java:302)
	- locked <0x47876ff8> (a org.apache.catalina.loader.WebappClassLoader)
	at org.apache.myfaces.util.StateUtils.encode64(StateUtils.java:37)
	at org.apache.myfaces.renderkit.html.HtmlResponseStateManager.writeState(HtmlResponseStateManager.java:77)
	at org.apache.myfaces.application.jsp.JspStateManagerImpl.writeState(JspStateManagerImpl.java:268)
	at org.apache.myfaces.taglib.core.ViewTag.doAfterBody(ViewTag.java:160)
	at org.apache.jsp.Main_jsp._jspx_meth_f_view_0(org.apache.jsp.Main_jsp:125)
	at org.apache.jsp.Main_jsp._jspService(org.apache.jsp.Main_jsp:72)
	at org.apache.jasper.runtime.HttpJspBase.service(HttpJspBase.java:97)
	at javax.servlet.http.HttpServlet.service(HttpServlet.java:802)
	at org.apache.jasper.servlet.JspServletWrapper.service(JspServletWrapper.java:322)
	at org.apache.jasper.servlet.JspServlet.serviceJspFile(JspServlet.java:314)
	at org.apache.jasper.servlet.JspServlet.service(JspServlet.java:264)
	at javax.servlet.http.HttpServlet.service(HttpServlet.java:802)
	at org.apache.catalina.core.ApplicationFilterChain.internalDoFilter(ApplicationFilterChain.java:252)
	at org.apache.catalina.core.ApplicationFilterChain.doFilter(ApplicationFilterChain.java:173)
	at org.apache.catalina.core.ApplicationDispatcher.invoke(ApplicationDispatcher.java:672)
	at org.apache.catalina.core.ApplicationDispatcher.processRequest(ApplicationDispatcher.java:463)
	at org.apache.catalina.core.ApplicationDispatcher.doForward(ApplicationDispatcher.java:398)
	at org.apache.catalina.core.ApplicationDispatcher.forward(ApplicationDispatcher.java:301)
	at org.apache.myfaces.context.servlet.ServletExternalContextImpl.dispatch(ServletExternalContextImpl.java:415)
	at org.apache.myfaces.application.jsp.JspViewHandlerImpl.renderView(JspViewHandlerImpl.java:234)
	at org.apache.myfaces.lifecycle.LifecycleImpl.render(LifecycleImpl.java:300)
	at javax.faces.webapp.FacesServlet.service(FacesServlet.java:95)
	at org.apache.catalina.core.ApplicationFilterChain.internalDoFilter(ApplicationFilterChain.java:252)
	at org.apache.catalina.core.ApplicationFilterChain.doFilter(ApplicationFilterChain.java:173)
	at org.apache.myfaces.component.html.util.ExtensionsFilter.doFilter(ExtensionsFilter.java:122)
	at org.apache.catalina.core.ApplicationFilterChain.internalDoFilter(ApplicationFilterChain.java:202)
	at org.apache.catalina.core.ApplicationFilterChain.doFilter(ApplicationFilterChain.java:173)
	at org.apache.catalina.core.StandardWrapperValve.invoke(StandardWrapperValve.java:213)
	at org.apache.catalina.core.StandardContextValve.invoke(StandardContextValve.java:178)
	at org.apache.catalina.core.StandardHostValve.invoke(StandardHostValve.java:126)
	at org.apache.catalina.valves.ErrorReportValve.invoke(ErrorReportValve.java:105)
	at org.apache.catalina.core.StandardEngineValve.invoke(StandardEngineValve.java:107)
	at org.apache.catalina.connector.CoyoteAdapter.service(CoyoteAdapter.java:148)
	at org.apache.coyote.http11.Http11Processor.process(Http11Processor.java:868)
	at org.apache.coyote.http11.Http11BaseProtocol$Http11ConnectionHandler.processConnection(Http11BaseProtocol.java:663)
	at org.apache.tomcat.util.net.PoolTcpEndpoint.processSocket(PoolTcpEndpoint.java:527)
	at org.apache.tomcat.util.net.LeaderFollowerWorkerThread.runIt(LeaderFollowerWorkerThread.java:80)
	at org.apache.tomcat.util.threads.ThreadPool$ControlRunnable.run(ThreadPool.java:684)
	at java.lang.Thread.run(Thread.java:534)

Dynamic libraries:
00303000-00315000 r-xp 00000000 08:02 737373     /lib/libnsl-2.3.2.so
00315000-00316000 rw-p 00011000 08:02 737373     /lib/libnsl-2.3.2.so
007d0000-007e5000 r-xp 00000000 08:02 737282     /lib/ld-2.3.2.so
007e5000-007e6000 rw-p 00015000 08:02 737282     /lib/ld-2.3.2.so
007e8000-0091b000 r-xp 00000000 08:02 4423846    /lib/tls/libc-2.3.2.so
0091b000-0091f000 rw-p 00132000 08:02 4423846    /lib/tls/libc-2.3.2.so
00923000-00944000 r-xp 00000000 08:02 4424037    /lib/tls/libm-2.3.2.so
00944000-00945000 rw-p 00020000 08:02 4424037    /lib/tls/libm-2.3.2.so
00947000-00949000 r-xp 00000000 08:02 737314     /lib/libdl-2.3.2.so
00949000-0094a000 rw-p 00001000 08:02 737314     /lib/libdl-2.3.2.so
00a72000-00a7f000 r-xp 00000000 08:02 4424038    /lib/tls/libpthread-0.60.so
00a7f000-00a80000 rw-p 0000d000 08:02 4424038    /lib/tls/libpthread-0.60.so
00a84000-00a93000 r-xp 00000000 08:02 737366     /lib/libresolv-2.3.2.so
00a93000-00a94000 rw-p 0000f000 08:02 737366     /lib/libresolv-2.3.2.so
08048000-0804e000 r-xp 00000000 08:02 4587582    /usr/java/j2sdk1.4.2_03/bin/java
0804e000-0804f000 rw-p 00005000 08:02 4587582    /usr/java/j2sdk1.4.2_03/bin/java
40001000-40009000 r-xp 00000000 08:02 1310820    /usr/java/j2sdk1.4.2_03/jre/lib/i386/native_threads/libhpi.so
40009000-4000a000 rw-p 00007000 08:02 1310820    /usr/java/j2sdk1.4.2_03/jre/lib/i386/native_threads/libhpi.so
4000a000-4000e000 rw-s 00000000 08:02 1639082    /tmp/hsperfdata_gateway/4927
4000e000-40011000 r--s 00000000 08:02 3293426    /usr/java/j2sdk1.4.2_03/jre/lib/ext/dnsns.jar
40011000-40014000 r--s 00000000 00:09 21988166   /home/gateway/QuakeSim2/portal_deploy/apache-tomcat-5.5.12/bin/commons-daemon.jar
40015000-4040f000 r-xp 00000000 08:02 3686829    /usr/java/j2sdk1.4.2_03/jre/lib/i386/client/libjvm.so
4040f000-4042b000 rw-p 003f9000 08:02 3686829    /usr/java/j2sdk1.4.2_03/jre/lib/i386/client/libjvm.so
4043d000-4044d000 r-xp 00000000 08:02 1310827    /usr/java/j2sdk1.4.2_03/jre/lib/i386/libverify.so
4044d000-4044f000 rw-p 0000f000 08:02 1310827    /usr/java/j2sdk1.4.2_03/jre/lib/i386/libverify.so
40450000-4045a000 r-xp 00000000 08:02 737316     /lib/libnss_files-2.3.2.so
4045a000-4045b000 rw-p 0000a000 08:02 737316     /lib/libnss_files-2.3.2.so
4045b000-4047b000 r-xp 00000000 08:02 1310828    /usr/java/j2sdk1.4.2_03/jre/lib/i386/libjava.so
4047b000-4047d000 rw-p 0001f000 08:02 1310828    /usr/java/j2sdk1.4.2_03/jre/lib/i386/libjava.so
4047d000-40491000 r-xp 00000000 08:02 1310830    /usr/java/j2sdk1.4.2_03/jre/lib/i386/libzip.so
40491000-40494000 rw-p 00013000 08:02 1310830    /usr/java/j2sdk1.4.2_03/jre/lib/i386/libzip.so
40494000-405ba000 r--s 00000000 00:09 21987749   /home/gateway/QuakeSim2/portal_deploy/apache-tomcat-5.5.12/common/endorsed/xercesImpl.jar
405ba000-405ea000 r--s 00000000 00:09 21987750   /home/gateway/QuakeSim2/portal_deploy/apache-tomcat-5.5.12/common/endorsed/xml-apis.jar
405ea000-41f82000 r--s 00000000 08:02 1311212    /usr/java/j2sdk1.4.2_03/jre/lib/rt.jar
41fcc000-41fe2000 r--s 00000000 08:02 1310852    /usr/java/j2sdk1.4.2_03/jre/lib/sunrsasign.jar
41fe2000-420bd000 r--s 00000000 08:02 1311209    /usr/java/j2sdk1.4.2_03/jre/lib/jsse.jar
420bd000-420ce000 r--s 00000000 08:02 1310853    /usr/java/j2sdk1.4.2_03/jre/lib/jce.jar
420ce000-42627000 r--s 00000000 08:02 1311210    /usr/java/j2sdk1.4.2_03/jre/lib/charsets.jar
4c8d3000-4c8ef000 r--s 00000000 08:02 3293425    /usr/java/j2sdk1.4.2_03/jre/lib/ext/sunjce_provider.jar
4c8ef000-4c8fc000 r--s 00000000 08:02 3293427    /usr/java/j2sdk1.4.2_03/jre/lib/ext/ldapsec.jar
4c8fc000-4c900000 r--s 00000000 00:09 21988176   /home/gateway/QuakeSim2/portal_deploy/apache-tomcat-5.5.12/bin/tomcat-juli.jar
4ca00000-4cc00000 r--p 00000000 08:02 3277651    /usr/lib/locale/locale-archive
4ce04000-4cec0000 r--s 00000000 08:02 3293428    /usr/java/j2sdk1.4.2_03/jre/lib/ext/localedata.jar
4cec0000-4cec6000 r--s 00000000 00:09 21988163   /home/gateway/QuakeSim2/portal_deploy/apache-tomcat-5.5.12/bin/bootstrap.jar
4cec6000-4cf2a000 r--s 00000000 00:09 21987748   /home/gateway/QuakeSim2/portal_deploy/apache-tomcat-5.5.12/bin/jmx.jar
4cf2a000-4cf31000 r--s 00000000 00:09 21988167   /home/gateway/QuakeSim2/portal_deploy/apache-tomcat-5.5.12/bin/commons-logging-api.jar
4cf31000-4cf41000 r-xp 00000000 08:02 1310833    /usr/java/j2sdk1.4.2_03/jre/lib/i386/libnet.so
4cf41000-4cf42000 rw-p 0000f000 08:02 1310833    /usr/java/j2sdk1.4.2_03/jre/lib/i386/libnet.so
4cf42000-4cf4c000 r--s 00000000 00:09 15155900   /home/gateway/QuakeSim2/portal_deploy/apache-tomcat-5.5.12/common/i18n/tomcat-i18n-en.jar
4cf4c000-4cf55000 r--s 00000000 00:09 15155901   /home/gateway/QuakeSim2/portal_deploy/apache-tomcat-5.5.12/common/i18n/tomcat-i18n-es.jar
4cf55000-4cf5d000 r--s 00000000 00:09 15155902   /home/gateway/QuakeSim2/portal_deploy/apache-tomcat-5.5.12/common/i18n/tomcat-i18n-fr.jar
4cf5d000-4cf66000 r--s 00000000 00:09 15155903   /home/gateway/QuakeSim2/portal_deploy/apache-tomcat-5.5.12/common/i18n/tomcat-i18n-ja.jar
4cf66000-4cf82000 r--s 00000000 00:09 15155904   /home/gateway/QuakeSim2/portal_deploy/apache-tomcat-5.5.12/common/lib/commons-el.jar
4cf82000-4d0a9000 r--s 00000000 00:09 15155905   /home/gateway/QuakeSim2/portal_deploy/apache-tomcat-5.5.12/common/lib/jasper-compiler-jdt.jar
4d0a9000-4d10c000 r--s 00000000 00:09 15155906   /home/gateway/QuakeSim2/portal_deploy/apache-tomcat-5.5.12/common/lib/jasper-compiler.jar
4d10c000-4d11f000 r--s 00000000 00:09 15155907   /home/gateway/QuakeSim2/portal_deploy/apache-tomcat-5.5.12/common/lib/jasper-runtime.jar
4d11f000-4d12c000 r--s 00000000 00:09 15155908   /home/gateway/QuakeSim2/portal_deploy/apache-tomcat-5.5.12/common/lib/jsp-api.jar
4d12c000-4d152000 r--s 00000000 00:09 15155909   /home/gateway/QuakeSim2/portal_deploy/apache-tomcat-5.5.12/common/lib/naming-factory-dbcp.jar
4d152000-4d15b000 r--s 00000000 00:09 15155910   /home/gateway/QuakeSim2/portal_deploy/apache-tomcat-5.5.12/common/lib/naming-factory.jar
4d15b000-4d167000 r--s 00000000 00:09 15155911   /home/gateway/QuakeSim2/portal_deploy/apache-tomcat-5.5.12/common/lib/naming-resources.jar
4d167000-4d17f000 r--s 00000000 00:09 15155912   /home/gateway/QuakeSim2/portal_deploy/apache-tomcat-5.5.12/common/lib/servlet-api.jar
4d17f000-4d185000 r--s 00000000 00:09 15155913   /home/gateway/QuakeSim2/portal_deploy/apache-tomcat-5.5.12/server/lib/catalina-ant-jmx.jar
4d185000-4d18c000 r--s 00000000 00:09 15155914   /home/gateway/QuakeSim2/portal_deploy/apache-tomcat-5.5.12/server/lib/catalina-ant.jar
4d18c000-4d1be000 r--s 00000000 00:09 15155915   /home/gateway/QuakeSim2/portal_deploy/apache-tomcat-5.5.12/server/lib/catalina-cluster.jar
4d1be000-4d1db000 r--s 00000000 00:09 15155916   /home/gateway/QuakeSim2/portal_deploy/apache-tomcat-5.5.12/server/lib/catalina-optional.jar
4d1db000-4d1eb000 r--s 00000000 00:09 15155917   /home/gateway/QuakeSim2/portal_deploy/apache-tomcat-5.5.12/server/lib/catalina-storeconfig.jar
4d1eb000-4d289000 r--s 00000000 00:09 15155918   /home/gateway/QuakeSim2/portal_deploy/apache-tomcat-5.5.12/server/lib/catalina.jar
4d289000-4d2a4000 r--s 00000000 00:09 15155919   /home/gateway/QuakeSim2/portal_deploy/apache-tomcat-5.5.12/server/lib/commons-modeler.jar
4d2a4000-4d2a9000 r--s 00000000 00:09 15155921   /home/gateway/QuakeSim2/portal_deploy/apache-tomcat-5.5.12/server/lib/servlets-default.jar
4d2a9000-4d2ab000 r--s 00000000 00:09 15155922   /home/gateway/QuakeSim2/portal_deploy/apache-tomcat-5.5.12/server/lib/servlets-invoker.jar
4d2ab000-4d2b1000 r--s 00000000 00:09 15155924   /home/gateway/QuakeSim2/portal_deploy/apache-tomcat-5.5.12/server/lib/servlets-webdav.jar
4d2b1000-4d2da000 r--s 00000000 00:09 15155925   /home/gateway/QuakeSim2/portal_deploy/apache-tomcat-5.5.12/server/lib/tomcat-ajp.jar
4d2da000-4d2e0000 r--s 00000000 00:09 15155926   /home/gateway/QuakeSim2/portal_deploy/apache-tomcat-5.5.12/server/lib/tomcat-apr.jar
4d2e0000-4d2e5000 r--s 00000000 00:09 15155927   /home/gateway/QuakeSim2/portal_deploy/apache-tomcat-5.5.12/server/lib/tomcat-coyote.jar
4d2e5000-4d2fb000 r--s 00000000 00:09 15155937   /home/gateway/QuakeSim2/portal_deploy/apache-tomcat-5.5.12/server/lib/tomcat-http.jar
4d2fb000-4d33c000 r--s 00000000 00:09 15155938   /home/gateway/QuakeSim2/portal_deploy/apache-tomcat-5.5.12/server/lib/tomcat-util.jar
4d33c000-4d33f000 r--s 00000000 00:09 16810876   /home/gateway/QuakeSim2/portal_deploy/apache-tomcat-5.5.12/webapps/STFILTER/WEB-INF/lib/GenericQuakeSimProject-1.0-SNAPSHOT.jar
4d33f000-4d36e000 r--s 00000000 00:09 16810865   /home/gateway/QuakeSim2/portal_deploy/apache-tomcat-5.5.12/webapps/STFILTER/WEB-INF/lib/commons-beanutils-1.7.0.jar
4d372000-4d46f000 r--s 00000000 00:09 15157003   /home/gateway/QuakeSim2/portal_deploy/apache-tomcat-5.5.12/shared/lib/ant.jar
4d46f000-4d4e6000 r--s 00000000 00:09 15157004   /home/gateway/QuakeSim2/portal_deploy/apache-tomcat-5.5.12/shared/lib/dom4j-1.4.jar
4d4e6000-4d53b000 r--s 00000000 00:09 15157005   /home/gateway/QuakeSim2/portal_deploy/apache-tomcat-5.5.12/shared/lib/mail.jar
4d53b000-4d57c000 r--s 00000000 00:09 15157006   /home/gateway/QuakeSim2/portal_deploy/apache-tomcat-5.5.12/shared/lib/hsqldb-1.7.1.jar
4d57c000-4d58b000 r--s 00000000 00:09 15157026   /home/gateway/QuakeSim2/portal_deploy/apache-tomcat-5.5.12/shared/lib/commons-beanutils-1.3.jar
4d58b000-4d593000 r--s 00000000 00:09 15157027   /home/gateway/QuakeSim2/portal_deploy/apache-tomcat-5.5.12/shared/lib/jakarta-regexp-1.2.jar
4d593000-4d5aa000 r--s 00000000 00:09 15157028   /home/gateway/QuakeSim2/portal_deploy/apache-tomcat-5.5.12/shared/lib/jakarta-oro.jar
4d5aa000-4d5b1000 r--s 00000000 00:09 15157029   /home/gateway/QuakeSim2/portal_deploy/apache-tomcat-5.5.12/shared/lib/log4j-sandbox-0.3alpha.jar
4d5b1000-4d68c000 r--s 00000000 00:09 15157030   /home/gateway/QuakeSim2/portal_deploy/apache-tomcat-5.5.12/shared/lib/jfreechart-0.9.18.jar
4d68c000-4d698000 r--s 00000000 00:09 15157031   /home/gateway/QuakeSim2/portal_deploy/apache-tomcat-5.5.12/shared/lib/commons-io-1.0.jar
4d698000-4d6a2000 r--s 00000000 00:09 15157032   /home/gateway/QuakeSim2/portal_deploy/apache-tomcat-5.5.12/shared/lib/commons-logging-1.0.4.jar
4d6a2000-4d6da000 r--s 00000000 00:09 15157033   /home/gateway/QuakeSim2/portal_deploy/apache-tomcat-5.5.12/shared/lib/cactus-framework-20030401.jar
4d6da000-4d6de000 r--s 00000000 00:09 15157034   /home/gateway/QuakeSim2/portal_deploy/apache-tomcat-5.5.12/shared/lib/portals-bridges-common-0.4-SNAPSHOT.jar
4d6de000-4d715000 r--s 00000000 00:09 15157035   /home/gateway/QuakeSim2/portal_deploy/apache-tomcat-5.5.12/shared/lib/commons-httpclient-2.0.1.jar
4d715000-4d71b000 r--s 00000000 00:09 15157162   /home/gateway/QuakeSim2/portal_deploy/apache-tomcat-5.5.12/shared/lib/gridsphere-service-framework-2.1.jar
4d71b000-4d721000 r--s 00000000 00:09 15157163   /home/gateway/QuakeSim2/portal_deploy/apache-tomcat-5.5.12/shared/lib/commons-fileupload-1.0.jar
4d721000-4d724000 r--s 00000000 00:09 15157164   /home/gateway/QuakeSim2/portal_deploy/apache-tomcat-5.5.12/shared/lib/jta.jar
4d724000-4d8e3000 r--s 00000000 00:09 15157165   /home/gateway/QuakeSim2/portal_deploy/apache-tomcat-5.5.12/shared/lib/spring-1.2.3.jar
4d8e3000-4d8ec000 r--s 00000000 00:09 15157166   /home/gateway/QuakeSim2/portal_deploy/apache-tomcat-5.5.12/shared/lib/tmf.jar
4d8ec000-4d90a000 r--s 00000000 00:09 15157167   /home/gateway/QuakeSim2/portal_deploy/apache-tomcat-5.5.12/shared/lib/junit-3.8.1.jar
4d90a000-4d911000 r--s 00000000 00:09 15157168   /home/gateway/QuakeSim2/portal_deploy/apache-tomcat-5.5.12/shared/lib/cactus-integration-ant-20030401.jar
4d911000-4d91d000 r--s 00000000 00:09 15157169   /home/gateway/QuakeSim2/portal_deploy/apache-tomcat-5.5.12/shared/lib/jaimlib.jar
4d91d000-4d969000 r--s 00000000 00:09 15157170   /home/gateway/QuakeSim2/portal_deploy/apache-tomcat-5.5.12/shared/lib/cglib-full-2.0.2.jar
4d969000-4d96d000 r--s 00000000 00:09 15157171   /home/gateway/QuakeSim2/portal_deploy/apache-tomcat-5.5.12/shared/lib/ant-contrib-0.3.jar
4d96d000-4d97b000 r--s 00000000 00:09 15157172   /home/gateway/QuakeSim2/portal_deploy/apache-tomcat-5.5.12/shared/lib/activation.jar
4d97b000-4d97f000 r--s 00000000 00:09 15157174   /home/gateway/QuakeSim2/portal_deploy/apache-tomcat-5.5.12/shared/lib/odmg-3.0.jar
4d97f000-4d9d6000 r--s 00000000 00:09 15157175   /home/gateway/QuakeSim2/portal_deploy/apache-tomcat-5.5.12/shared/lib/log4j-1.2.8.jar
4d9d6000-4d9ea000 r--s 00000000 00:09 15157176   /home/gateway/QuakeSim2/portal_deploy/apache-tomcat-5.5.12/shared/lib/gridsphere-provider-2.1.jar
4d9ea000-4d9f7000 r--s 00000000 00:09 15157177   /home/gateway/QuakeSim2/portal_deploy/apache-tomcat-5.5.12/shared/lib/ehcache-0.9.jar
4d9f7000-4d9fe000 r--s 00000000 00:09 15157180   /home/gateway/QuakeSim2/portal_deploy/apache-tomcat-5.5.12/shared/lib/aspectjrt.jar
4db00000-4dbc4000 r--s 00000000 00:09 15157173   /home/gateway/QuakeSim2/portal_deploy/apache-tomcat-5.5.12/shared/lib/poi-2.5.1-final-20040804.jar
4dbc4000-4dc21000 r--s 00000000 00:09 15157178   /home/gateway/QuakeSim2/portal_deploy/apache-tomcat-5.5.12/shared/lib/jcommon-0.9.3.jar
4dc21000-4dc4c000 r--s 00000000 00:09 15157179   /home/gateway/QuakeSim2/portal_deploy/apache-tomcat-5.5.12/shared/lib/commons-collections-2.1.1.jar
4dc4c000-4dc5e000 r--s 00000000 00:09 15157181   /home/gateway/QuakeSim2/portal_deploy/apache-tomcat-5.5.12/shared/lib/portlet-api-2.1.jar
4dc5e000-4dd03000 r--s 00000000 00:09 15157182   /home/gateway/QuakeSim2/portal_deploy/apache-tomcat-5.5.12/shared/lib/gridsphere-portal-2.1.jar
4dd03000-4dd11000 r--s 00000000 00:09 15157183   /home/gateway/QuakeSim2/portal_deploy/apache-tomcat-5.5.12/shared/lib/portlet-jsr-api-2.1.jar
4dd11000-4dd36000 r--s 00000000 00:09 15157200   /home/gateway/QuakeSim2/portal_deploy/apache-tomcat-5.5.12/shared/lib/jdom-1.0.jar
4dd36000-4de23000 r--s 00000000 00:09 15157202   /home/gateway/QuakeSim2/portal_deploy/apache-tomcat-5.5.12/shared/lib/hibernate2.jar
4de23000-4de6e000 r--s 00000000 00:09 15157255   /home/gateway/QuakeSim2/portal_deploy/apache-tomcat-5.5.12/shared/lib/XMLChartDataset.jar
4de6e000-4dec4000 r--s 00000000 00:09 15157256   /home/gateway/QuakeSim2/portal_deploy/apache-tomcat-5.5.12/shared/lib/c3p0-0.8.4.5.jar
4dec4000-4dffd000 r--s 00000000 00:09 15157257   /home/gateway/QuakeSim2/portal_deploy/apache-tomcat-5.5.12/shared/lib/castor-0.9.7-xml.jar
4f1da000-4f379000 r--s 00000000 00:09 16810868   /home/gateway/QuakeSim2/portal_deploy/apache-tomcat-5.5.12/webapps/STFILTER/WEB-INF/lib/WebServices-1.0.jar
4f379000-4f4b0000 r--s 00000000 00:09 16810853   /home/gateway/QuakeSim2/portal_deploy/apache-tomcat-5.5.12/webapps/STFILTER/WEB-INF/lib/axis.jar
4f4b0000-4f4bc000 r--s 00000000 00:09 16810858   /home/gateway/QuakeSim2/portal_deploy/apache-tomcat-5.5.12/webapps/STFILTER/WEB-INF/lib/commons-codec-1.3.jar
4f4bc000-4f545000 r--s 00000000 00:09 16810866   /home/gateway/QuakeSim2/portal_deploy/apache-tomcat-5.5.12/webapps/STFILTER/WEB-INF/lib/commons-collections-3.1.jar
4f545000-4f568000 r--s 00000000 00:09 16810874   /home/gateway/QuakeSim2/portal_deploy/apache-tomcat-5.5.12/webapps/STFILTER/WEB-INF/lib/commons-digester-1.7.jar
4f568000-4f57a000 r--s 00000000 00:09 16810857   /home/gateway/QuakeSim2/portal_deploy/apache-tomcat-5.5.12/webapps/STFILTER/WEB-INF/lib/commons-discovery.jar
4f57a000-4f596000 r--s 00000000 00:09 16810873   /home/gateway/QuakeSim2/portal_deploy/apache-tomcat-5.5.12/webapps/STFILTER/WEB-INF/lib/commons-el-1.0.jar
4f596000-4f59c000 r--s 00000000 00:09 16810870   /home/gateway/QuakeSim2/portal_deploy/apache-tomcat-5.5.12/webapps/STFILTER/WEB-INF/lib/commons-fileupload-1.0.jar
4f59c000-4f5cf000 r--s 00000000 00:09 16810862   /home/gateway/QuakeSim2/portal_deploy/apache-tomcat-5.5.12/webapps/STFILTER/WEB-INF/lib/commons-lang-2.1.jar
4f5cf000-4f5d9000 r--s 00000000 00:09 16810861   /home/gateway/QuakeSim2/portal_deploy/apache-tomcat-5.5.12/webapps/STFILTER/WEB-INF/lib/commons-logging-1.0.4.jar
4f5d9000-4f5ee000 r--s 00000000 00:09 16810867   /home/gateway/QuakeSim2/portal_deploy/apache-tomcat-5.5.12/webapps/STFILTER/WEB-INF/lib/commons-validator-1.1.4.jar
4f5ee000-4f5f7000 r--s 00000000 00:09 16810852   /home/gateway/QuakeSim2/portal_deploy/apache-tomcat-5.5.12/webapps/STFILTER/WEB-INF/lib/jaxrpc.jar
4f5f7000-4f5fd000 r--s 00000000 00:09 16810864   /home/gateway/QuakeSim2/portal_deploy/apache-tomcat-5.5.12/webapps/STFILTER/WEB-INF/lib/jstl-1.1.2.jar
4f5fd000-4f637000 r--s 00000000 00:09 16810872   /home/gateway/QuakeSim2/portal_deploy/apache-tomcat-5.5.12/webapps/STFILTER/WEB-INF/lib/myfaces-api-1.1.0.jar
4f637000-4f6a9000 r--s 00000000 00:09 16810860   /home/gateway/QuakeSim2/portal_deploy/apache-tomcat-5.5.12/webapps/STFILTER/WEB-INF/lib/myfaces-impl-1.1.0.jar
4f6a9000-4f6b9000 r--s 00000000 00:09 16810869   /home/gateway/QuakeSim2/portal_deploy/apache-tomcat-5.5.12/webapps/STFILTER/WEB-INF/lib/oro-2.0.8.jar
4f6b9000-4f6be000 r--s 00000000 00:09 16810855   /home/gateway/QuakeSim2/portal_deploy/apache-tomcat-5.5.12/webapps/STFILTER/WEB-INF/lib/saaj.jar
4f6be000-4f6da000 r--s 00000000 00:09 16810854   /home/gateway/QuakeSim2/portal_deploy/apache-tomcat-5.5.12/webapps/STFILTER/WEB-INF/lib/wsdl4j.jar
4f6da000-4f6e0000 r--s 00000000 08:02 4325573    /usr/lib/gconv/gconv-modules.cache
4f6e2000-4f6e6000 r-xp 00000000 08:02 737313     /lib/libnss_dns-2.3.2.so
4f6e6000-4f6e7000 rw-p 00003000 08:02 737313     /lib/libnss_dns-2.3.2.so
4f6e7000-4f71e000 r--s 00000000 00:09 16810856   /home/gateway/QuakeSim2/portal_deploy/apache-tomcat-5.5.12/webapps/STFILTER/WEB-INF/lib/soap.jar
4f71e000-4f739000 r--s 00000000 00:09 16810871   /home/gateway/QuakeSim2/portal_deploy/apache-tomcat-5.5.12/webapps/STFILTER/WEB-INF/lib/xml-apis-1.0.b2.jar
4f7f1000-4f7fc000 r--s 00000000 00:09 14385297   /home/gateway/QuakeSim2/portal_deploy/apache-tomcat-5.5.12/webapps/RDAHMM-portlet/WEB-INF/lib/portals-bridges-jsf-1.0.jar
4f7fc000-4f807000 r--s 00000000 00:09 19793383   /home/gateway/QuakeSim2/portal_deploy/apache-tomcat-5.5.12/webapps/STFILTER-portlet/WEB-INF/lib/portals-bridges-jsf-1.0.jar
4f811000-4f8ed000 r--s 00000000 00:09 25544337   /home/gateway/QuakeSim2/portal_deploy/apache-tomcat-5.5.12/webapps/RDAHMM/WEB-INF/lib/tomahawk-1.1.0.jar
4f924000-4fa00000 r--s 00000000 00:09 14385305   /home/gateway/QuakeSim2/portal_deploy/apache-tomcat-5.5.12/webapps/RDAHMM-portlet/WEB-INF/lib/tomahawk-1.1.0.jar
4fb00000-4fbdc000 r--s 00000000 00:09 16810863   /home/gateway/QuakeSim2/portal_deploy/apache-tomcat-5.5.12/webapps/STFILTER/WEB-INF/lib/tomahawk-1.1.0.jar
4fbdc000-4fcb8000 r--s 00000000 00:09 19793390   /home/gateway/QuakeSim2/portal_deploy/apache-tomcat-5.5.12/webapps/STFILTER-portlet/WEB-INF/lib/tomahawk-1.1.0.jar
4fcb8000-50a7f000 r--s 00000000 00:09 16810859   /home/gateway/QuakeSim2/portal_deploy/apache-tomcat-5.5.12/webapps/STFILTER/WEB-INF/lib/GRWS_SubmitQuery-2.0.jar
50a7f000-50e51000 r--s 00000000 00:09 16810875   /home/gateway/QuakeSim2/portal_deploy/apache-tomcat-5.5.12/webapps/STFILTER/WEB-INF/lib/grwsXmlBeansSchemas-1.0.jar
51100000-51ec7000 r--s 00000000 00:09 16810859   /home/gateway/QuakeSim2/portal_deploy/apache-tomcat-5.5.12/webapps/STFILTER/WEB-INF/lib/GRWS_SubmitQuery-2.0.jar
51ec7000-51fa3000 r--s 00000000 00:09 16810863   /home/gateway/QuakeSim2/portal_deploy/apache-tomcat-5.5.12/webapps/STFILTER/WEB-INF/lib/tomahawk-1.1.0.jar

Heap at VM Abort:
Heap
 def new generation   total 4416K, used 806K [0x446d0000, 0x44b90000, 0x44bb0000)
  eden space 3968K,  10% used [0x446d0000, 0x4473a6f0, 0x44ab0000)
  from space 448K,  85% used [0x44ab0000, 0x44b0f3b8, 0x44b20000)
  to   space 448K,   0% used [0x44b20000, 0x44b20000, 0x44b90000)
 tenured generation   total 58132K, used 56221K [0x44bb0000, 0x48475000, 0x486d0000)
   the space 58132K,  96% used [0x44bb0000, 0x48297470, 0x48297600, 0x48475000)
 compacting perm gen  total 58880K, used 58654K [0x486d0000, 0x4c050000, 0x4c6d0000)
   the space 58880K,  99% used [0x486d0000, 0x4c017b68, 0x4c017c00, 0x4c050000)

Local Time = Thu Sep  7 20:21:46 2006
Elapsed Time = 3344
#
# The exception above was detected in native code outside the VM
#
# Java VM: Java HotSpot(TM) Client VM (1.4.2_03-b02 mixed mode)
#
