#
# An unexpected error has been detected by HotSpot Virtual Machine:
#
#  SIGBUS (0x7) at pc=0x40a30a12, pid=23744, tid=1827924912
#
# Java VM: Java HotSpot(TM) Server VM (1.5.0_07-b03 mixed mode)
# Problematic frame:
# C  [libzip.so+0xfa12]
#

---------------  T H R E A D  ---------------

Current thread (0x08585620):  JavaThread "ContainerBackgroundProcessor[StandardEngine[Catalina]]" daemon [_thread_in_native, id=23759]

siginfo:si_signo=7, si_errno=0, si_code=2, si_addr=0x6f70d3d9

Registers:
EAX=0x6f70d3d9, EBX=0x40a35b4c, ECX=0xffffffff, EDX=0x081ff578
ESP=0x6cf3c258, EBP=0x6cf3c2f0, ESI=0x081ff578, EDI=0x08585620
EIP=0x40a30a12, CR2=0x6f70d3d9, EFLAGS=0x00010202

Top of Stack: (sp=0x6cf3c258)
0x6cf3c258:   00000264 00000000 00000099 4049308a
0x6cf3c268:   405c4970 6b9f28a0 6cf3c2a0 40504abd
0x6cf3c278:   00000034 00000033 6702a130 6702a160
0x6cf3c288:   00000008 000000c6 6b9f2e80 405c4970
0x6cf3c298:   6b9f28a0 08d36e28 6cf3c2c0 40422843
0x6cf3c2a8:   085851b0 00000033 670298a8 402a2450
0x6cf3c2b8:   405c4970 081ff578 6cf3c2e0 6f70d3d9
0x6cf3c2c8:   08d36e28 6b9f2e80 00000033 6b9fa894 

Instructions: (pc=0x40a30a12)
0x40a30a02:   55 08 8b 45 0c 8b 00 03 42 08 89 45 d4 8b 45 d4
0x40a30a12:   0f b6 10 8b 45 d4 40 0f b6 00 c1 e0 08 89 d1 09 

Stack: [0x6cebe000,0x6cf3f000),  sp=0x6cf3c258,  free space=504k
Native frames: (J=compiled Java code, j=interpreted, Vv=VM code, C=native code)
C  [libzip.so+0xfa12]
C  [libzip.so+0x100d4]  ZIP_GetEntry+0xd8
C  [libzip.so+0x3669]  Java_java_util_zip_ZipFile_getEntry+0x14b

Java frames: (J=compiled Java code, j=interpreted, Vv=VM code)
J  java.util.zip.ZipFile.getEntry(JLjava/lang/String;Z)J
J  java.util.jar.JarFile.getJarEntry(Ljava/lang/String;)Ljava/util/jar/JarEntry;
J  org.apache.catalina.loader.WebappClassLoader.findResourceInternal(Ljava/lang/String;Ljava/lang/String;)Lorg/apache/catalina/loader/ResourceEntry;
J  org.apache.catalina.loader.WebappClassLoader.findClassInternal(Ljava/lang/String;)Ljava/lang/Class;
J  org.apache.catalina.loader.WebappClassLoader.findClass(Ljava/lang/String;)Ljava/lang/Class;
J  org.apache.catalina.loader.WebappClassLoader.loadClass(Ljava/lang/String;Z)Ljava/lang/Class;
v  ~I2CAdapter
j  org.apache.catalina.loader.WebappClassLoader.loadClass(Ljava/lang/String;)Ljava/lang/Class;+3
v  ~C2IAdapter
J  java.lang.ClassLoader.loadClassInternal(Ljava/lang/String;)Ljava/lang/Class;
v  ~I2CAdapter
v  ~StubRoutines::call_stub
j  java.lang.ClassLoader.defineClass1(Ljava/lang/String;[BIILjava/security/ProtectionDomain;Ljava/lang/String;)Ljava/lang/Class;+0
j  java.lang.ClassLoader.defineClass(Ljava/lang/String;[BIILjava/security/ProtectionDomain;)Ljava/lang/Class;+34
v  ~C2IAdapter
J  org.apache.catalina.loader.WebappClassLoader.findClassInternal(Ljava/lang/String;)Ljava/lang/Class;
J  org.apache.catalina.loader.WebappClassLoader.findClass(Ljava/lang/String;)Ljava/lang/Class;
J  org.apache.catalina.loader.WebappClassLoader.loadClass(Ljava/lang/String;Z)Ljava/lang/Class;
v  ~I2CAdapter
j  org.apache.catalina.loader.WebappClassLoader.loadClass(Ljava/lang/String;)Ljava/lang/Class;+3
v  ~C2IAdapter
J  java.lang.ClassLoader.loadClassInternal(Ljava/lang/String;)Ljava/lang/Class;
v  ~I2CAdapter
v  ~StubRoutines::call_stub
j  org.apache.axis.configuration.FileProvider.configureEngine(Lorg/apache/axis/AxisEngine;)V+69
j  org.apache.axis.AxisEngine.init()V+26
j  org.apache.axis.AxisEngine.<init>(Lorg/apache/axis/EngineConfiguration;)V+53
j  org.apache.axis.server.AxisServer.<init>(Lorg/apache/axis/EngineConfiguration;)V+2
j  org.apache.axis.server.DefaultAxisServerFactory.createServer(Ljava/util/Map;)Lorg/apache/axis/server/AxisServer;+24
j  org.apache.axis.server.DefaultAxisServerFactory.getServer(Ljava/util/Map;)Lorg/apache/axis/server/AxisServer;+11
j  org.apache.axis.server.AxisServer.getServer(Ljava/util/Map;)Lorg/apache/axis/server/AxisServer;+97
j  org.apache.axis.transport.http.AxisServletBase.getEngine(Ljavax/servlet/http/HttpServlet;)Lorg/apache/axis/server/AxisServer;+44
j  org.apache.axis.transport.http.AxisServletBase.getOption(Ljavax/servlet/ServletContext;Ljava/lang/String;Ljava/lang/String;)Ljava/lang/String;+33
j  org.apache.axis.transport.http.AxisServletBase.init()V+72
j  javax.servlet.GenericServlet.init(Ljavax/servlet/ServletConfig;)V+6
j  org.apache.catalina.core.StandardWrapper.loadServlet()Ljavax/servlet/Servlet;+686
j  org.apache.catalina.core.StandardWrapper.load()V+2
j  org.apache.catalina.core.StandardContext.loadOnStartup([Lorg/apache/catalina/Container;)V+182
j  org.apache.catalina.core.StandardContext.start()V+1214
j  org.apache.catalina.startup.HostConfig.checkResources(Lorg/apache/catalina/startup/HostConfig$DeployedApplication;)V+1078
j  org.apache.catalina.startup.HostConfig.check()V+57
j  org.apache.catalina.startup.HostConfig.lifecycleEvent(Lorg/apache/catalina/LifecycleEvent;)V+13
j  org.apache.catalina.util.LifecycleSupport.fireLifecycleEvent(Ljava/lang/String;Ljava/lang/Object;)V+68
j  org.apache.catalina.core.ContainerBase.backgroundProcess()V+231
v  ~C2IAdapter
J  org.apache.catalina.core.ContainerBase$ContainerBackgroundProcessor.processChildren(Lorg/apache/catalina/Container;Ljava/lang/ClassLoader;)V
J  org.apache.catalina.core.ContainerBase$ContainerBackgroundProcessor.processChildren(Lorg/apache/catalina/Container;Ljava/lang/ClassLoader;)V
v  ~I2CAdapter
j  org.apache.catalina.core.ContainerBase$ContainerBackgroundProcessor.run()V+81
j  java.lang.Thread.run()V+11
v  ~StubRoutines::call_stub

---------------  P R O C E S S  ---------------

Java Threads: ( => current thread )
  0x0851f3a8 JavaThread "TP-Monitor" daemon [_thread_blocked, id=23790]
  0x08344590 JavaThread "TP-Processor4" daemon [_thread_in_native, id=23789]
  0x08344138 JavaThread "TP-Processor3" daemon [_thread_blocked, id=23788]
  0x08343c58 JavaThread "TP-Processor2" daemon [_thread_blocked, id=23787]
  0x08343818 JavaThread "TP-Processor1" daemon [_thread_blocked, id=23786]
  0x08800f38 JavaThread "http-8080-Monitor" [_thread_blocked, id=23785]
  0x088001f8 JavaThread "http-8080-Processor25" daemon [_thread_blocked, id=23784]
  0x0826c0e0 JavaThread "http-8080-Processor24" daemon [_thread_in_native, id=23783]
  0x0826b3a0 JavaThread "http-8080-Processor23" daemon [_thread_blocked, id=23782]
  0x08389d30 JavaThread "http-8080-Processor22" daemon [_thread_blocked, id=23781]
  0x08388d28 JavaThread "http-8080-Processor21" daemon [_thread_blocked, id=23780]
  0x08bc0898 JavaThread "http-8080-Processor20" daemon [_thread_blocked, id=23779]
  0x08a09a38 JavaThread "http-8080-Processor19" daemon [_thread_blocked, id=23778]
  0x08d3d628 JavaThread "http-8080-Processor18" daemon [_thread_blocked, id=23777]
  0x08b8b3a8 JavaThread "http-8080-Processor17" daemon [_thread_blocked, id=23776]
  0x08b8a648 JavaThread "http-8080-Processor16" daemon [_thread_blocked, id=23775]
  0x08d23f78 JavaThread "http-8080-Processor15" daemon [_thread_blocked, id=23774]
  0x08179318 JavaThread "http-8080-Processor14" daemon [_thread_blocked, id=23773]
  0x0826fa50 JavaThread "http-8080-Processor13" daemon [_thread_blocked, id=23772]
  0x084b8750 JavaThread "http-8080-Processor12" daemon [_thread_blocked, id=23771]
  0x08468718 JavaThread "http-8080-Processor11" daemon [_thread_blocked, id=23770]
  0x08d30fa0 JavaThread "http-8080-Processor10" daemon [_thread_blocked, id=23769]
  0x08c4a018 JavaThread "http-8080-Processor9" daemon [_thread_blocked, id=23768]
  0x08df7160 JavaThread "http-8080-Processor8" daemon [_thread_blocked, id=23767]
  0x08585c90 JavaThread "http-8080-Processor7" daemon [_thread_blocked, id=23766]
  0x0838b768 JavaThread "http-8080-Processor6" daemon [_thread_blocked, id=23765]
  0x099863d0 JavaThread "http-8080-Processor5" daemon [_thread_blocked, id=23764]
  0x084bace0 JavaThread "http-8080-Processor4" daemon [_thread_blocked, id=23763]
  0x084b9278 JavaThread "http-8080-Processor3" daemon [_thread_blocked, id=23762]
  0x08ca6250 JavaThread "http-8080-Processor2" daemon [_thread_blocked, id=23761]
  0x08344cb8 JavaThread "http-8080-Processor1" daemon [_thread_blocked, id=23760]
=>0x08585620 JavaThread "ContainerBackgroundProcessor[StandardEngine[Catalina]]" daemon [_thread_in_native, id=23759]
  0x0812bb50 JavaThread "Low Memory Detector" daemon [_thread_blocked, id=23756]
  0x0812a6c8 JavaThread "CompilerThread1" daemon [_thread_blocked, id=23755]
  0x08129668 JavaThread "CompilerThread0" daemon [_thread_blocked, id=23754]
  0x08128540 JavaThread "AdapterThread" daemon [_thread_blocked, id=23753]
  0x081276e8 JavaThread "Signal Dispatcher" daemon [_thread_blocked, id=23752]
  0x0811ccc8 JavaThread "Finalizer" daemon [_thread_blocked, id=23751]
  0x0811c838 JavaThread "Reference Handler" daemon [_thread_blocked, id=23750]
  0x0805cdb8 JavaThread "main" [_thread_in_native, id=23744]

Other Threads:
  0x0811a398 VMThread [id=23749]
  0x0812cff0 WatcherThread [id=23757]

VM state:not at safepoint (normal execution)

VM Mutex/Monitor currently owned by a thread: None

Heap
 PSYoungGen      total 25344K, used 3808K [0x66d90000, 0x68ba0000, 0x6a5c0000)
  eden space 24384K, 11% used [0x66d90000,0x670639c8,0x68560000)
  from space 960K, 95% used [0x685f0000,0x686d4980,0x686e0000)
  to   space 3200K, 0% used [0x68880000,0x68880000,0x68ba0000)
 PSOldGen        total 28736K, used 21313K [0x4abc0000, 0x4c7d0000, 0x66d90000)
  object space 28736K, 74% used [0x4abc0000,0x4c0907b8,0x4c7d0000)
 PSPermGen       total 54272K, used 54221K [0x46bc0000, 0x4a0c0000, 0x4abc0000)
  object space 54272K, 99% used [0x46bc0000,0x4a0b3628,0x4a0c0000)

Dynamic libraries:
00303000-00315000 r-xp 00000000 08:02 737373     /lib/libnsl-2.3.2.so
00315000-00316000 rw-p 00011000 08:02 737373     /lib/libnsl-2.3.2.so
00316000-00318000 rw-p 00000000 00:00 0
007d0000-007e5000 r-xp 00000000 08:02 737282     /lib/ld-2.3.2.so
007e5000-007e6000 rw-p 00015000 08:02 737282     /lib/ld-2.3.2.so
007e8000-0091b000 r-xp 00000000 08:02 4423846    /lib/tls/libc-2.3.2.so
0091b000-0091f000 rw-p 00132000 08:02 4423846    /lib/tls/libc-2.3.2.so
0091f000-00921000 rw-p 00000000 00:00 0
00923000-00944000 r-xp 00000000 08:02 4424037    /lib/tls/libm-2.3.2.so
00944000-00945000 rw-p 00020000 08:02 4424037    /lib/tls/libm-2.3.2.so
00947000-00949000 r-xp 00000000 08:02 737314     /lib/libdl-2.3.2.so
00949000-0094a000 rw-p 00001000 08:02 737314     /lib/libdl-2.3.2.so
00a72000-00a7f000 r-xp 00000000 08:02 4424038    /lib/tls/libpthread-0.60.so
00a7f000-00a80000 rw-p 0000d000 08:02 4424038    /lib/tls/libpthread-0.60.so
00a80000-00a82000 rw-p 00000000 00:00 0
00a84000-00a93000 r-xp 00000000 08:02 737366     /lib/libresolv-2.3.2.so
00a93000-00a94000 rw-p 0000f000 08:02 737366     /lib/libresolv-2.3.2.so
00a94000-00a96000 rw-p 00000000 00:00 0
08048000-08057000 r-xp 00000000 00:09 22202056   /home/java-versions/jdk1.5.0_07/bin/java
08057000-08059000 rw-p 0000e000 00:09 22202056   /home/java-versions/jdk1.5.0_07/bin/java
08059000-09def000 rwxp 00000000 00:00 0
40000000-40001000 rw-p 00000000 00:00 0
40001000-40002000 r--p 00000000 00:00 0
40002000-40003000 rwxp 00000000 00:00 0
40003000-40009000 r-xp 00000000 00:09 19023171   /home/java-versions/jdk1.5.0_07/jre/lib/i386/native_threads/libhpi.so
40009000-4000a000 rw-p 00006000 00:09 19023171   /home/java-versions/jdk1.5.0_07/jre/lib/i386/native_threads/libhpi.so
4000a000-40012000 rw-s 00000000 08:02 1639079    /tmp/hsperfdata_gateway/23744
40012000-40014000 r--s 00000000 00:09 14599874   /home/java-versions/jdk1.5.0_07/jre/lib/ext/dnsns.jar
40014000-40015000 rw-p 00000000 00:00 0
40015000-40566000 r-xp 00000000 00:09 24430276   /home/java-versions/jdk1.5.0_07/jre/lib/i386/server/libjvm.so
40566000-405c8000 rw-p 00551000 00:09 24430276   /home/java-versions/jdk1.5.0_07/jre/lib/i386/server/libjvm.so
405c8000-409e0000 rw-p 00000000 00:00 0
409e0000-409eb000 r-xp 00000000 00:09 11011812   /home/java-versions/jdk1.5.0_07/jre/lib/i386/libverify.so
409eb000-409ec000 rw-p 0000b000 00:09 11011812   /home/java-versions/jdk1.5.0_07/jre/lib/i386/libverify.so
409ec000-409f2000 r--s 00000000 00:09 24299617   /home/gateway/QuakeSim2/portal_deploy/apache-tomcat-5.5.12/bin/bootstrap.jar
409f2000-409f3000 r--p 00000000 00:00 0
409f3000-409fd000 r-xp 00000000 08:02 737316     /lib/libnss_files-2.3.2.so
409fd000-409fe000 rw-p 0000a000 08:02 737316     /lib/libnss_files-2.3.2.so
409fe000-40a1f000 r-xp 00000000 00:09 11011794   /home/java-versions/jdk1.5.0_07/jre/lib/i386/libjava.so
40a1f000-40a21000 rw-p 00020000 00:09 11011794   /home/java-versions/jdk1.5.0_07/jre/lib/i386/libjava.so
40a21000-40a34000 r-xp 00000000 00:09 11011813   /home/java-versions/jdk1.5.0_07/jre/lib/i386/libzip.so
40a34000-40a36000 rw-p 00012000 00:09 11011813   /home/java-versions/jdk1.5.0_07/jre/lib/i386/libzip.so
40a36000-40b5c000 r--s 00000000 00:09 24299609   /home/gateway/QuakeSim2/portal_deploy/apache-tomcat-5.5.12/common/endorsed/xercesImpl.jar
40b5c000-40b8c000 r--s 00000000 00:09 24299610   /home/gateway/QuakeSim2/portal_deploy/apache-tomcat-5.5.12/common/endorsed/xml-apis.jar
40b8c000-43190000 r--s 00000000 00:09 11110119   /home/java-versions/jdk1.5.0_07/jre/lib/rt.jar
43190000-431f9000 rw-p 00000000 00:00 0
431f9000-4327e000 r--s 00000000 00:09 11110112   /home/java-versions/jdk1.5.0_07/jre/lib/jsse.jar
4327e000-43293000 r--s 00000000 00:09 11110110   /home/java-versions/jdk1.5.0_07/jre/lib/jce.jar
43293000-43b00000 r--s 00000000 00:09 11110111   /home/java-versions/jdk1.5.0_07/jre/lib/charsets.jar
43b00000-44000000 rwxp 00000000 00:00 0
44000000-46b00000 rwxp 00500000 00:00 0
46b00000-46b14000 rwxp 00000000 00:00 0
46b14000-46bc0000 rwxp 03014000 00:00 0
46bc0000-4a0c0000 rwxp 00000000 00:00 0
4a0c0000-4abc0000 rwxp 065c0000 00:00 0
4abc0000-4c7d0000 rwxp 00000000 00:00 0
4c7d0000-66d90000 rwxp 08cd0000 00:00 0
66d90000-68ba0000 rwxp 00000000 00:00 0
68ba0000-6a5c0000 rwxp 25ea0000 00:00 0
6a5c0000-6a5db000 rwxp 00000000 00:00 0
6a5db000-6a5e0000 rwxp 26adb000 00:00 0
6a5e0000-6a5ef000 rwxp 00000000 00:00 0
6a5ef000-6a6c0000 rwxp 26aef000 00:00 0
6a6c0000-6a6d0000 rwxp 00000000 00:00 0
6a6d0000-6a6dd000 rwxp 26bd7000 00:00 0
6a6dd000-6a6ed000 rwxp 00000000 00:00 0
6a6ed000-6a7bf000 rwxp 0000f000 00:00 0
6a7bf000-6a7da000 rwxp 00000000 00:00 0
6a7da000-6a7df000 rwxp 000fc000 00:00 0
6a7df000-6a7e0000 ---p 00000000 00:00 0
6a7e0000-6a860000 rwxp 00001000 00:00 0
6a860000-6a861000 ---p 00081000 00:00 0
6a861000-6a8e1000 rwxp 00082000 00:00 0
6a8e1000-6a8e2000 ---p 00102000 00:00 0
6a8e2000-6a962000 rwxp 00103000 00:00 0
6a962000-6a963000 ---p 00183000 00:00 0
6a963000-6a9e3000 rwxp 00184000 00:00 0
6a9e3000-6a9e4000 ---p 00204000 00:00 0
6a9e4000-6aa64000 rwxp 00205000 00:00 0
6aa64000-6aa67000 ---p 00285000 00:00 0
6aa67000-6aae5000 rwxp 00288000 00:00 0
6aae5000-6aae8000 ---p 00306000 00:00 0
6aae8000-6ab66000 rwxp 00309000 00:00 0
6ab66000-6ad66000 r--p 00000000 08:02 3277651    /usr/lib/locale/locale-archive
6ad66000-6ad69000 ---p 00003000 00:00 0
6ad69000-6ade7000 rwxp 00006000 00:00 0
6ade7000-6adea000 ---p 00084000 00:00 0
6adea000-6ae68000 rwxp 00087000 00:00 0
6ae68000-6ae6b000 ---p 00105000 00:00 0
6ae6b000-6aee9000 rwxp 00108000 00:00 0
6aee9000-6aeec000 ---p 00186000 00:00 0
6aeec000-6af6a000 rwxp 00189000 00:00 0
6af6a000-6af6d000 ---p 00207000 00:00 0
6af6d000-6afeb000 rwxp 0020a000 00:00 0
6afeb000-6afec000 ---p 00288000 00:00 0
6afec000-6b06c000 rwxp 00289000 00:00 0
6b06c000-6b130000 r--s 00000000 00:09 14599875   /home/java-versions/jdk1.5.0_07/jre/lib/ext/localedata.jar
6b130000-6b157000 r--s 00000000 00:09 14599876   /home/java-versions/jdk1.5.0_07/jre/lib/ext/sunjce_provider.jar
6b157000-6b182000 r--s 00000000 00:09 14599877   /home/java-versions/jdk1.5.0_07/jre/lib/ext/sunpkcs11.jar
6b182000-6b1e6000 r--s 00000000 00:09 24299608   /home/gateway/QuakeSim2/portal_deploy/apache-tomcat-5.5.12/bin/jmx.jar
6b1e6000-6b1e9000 r--s 00000000 00:09 24299620   /home/gateway/QuakeSim2/portal_deploy/apache-tomcat-5.5.12/bin/commons-daemon.jar
6b1e9000-6b1f0000 r--s 00000000 00:09 24299621   /home/gateway/QuakeSim2/portal_deploy/apache-tomcat-5.5.12/bin/commons-logging-api.jar
6b1f0000-6b1f4000 r--s 00000000 00:09 24299630   /home/gateway/QuakeSim2/portal_deploy/apache-tomcat-5.5.12/bin/tomcat-juli.jar
6b1f4000-6b1fe000 r--s 00000000 00:09 16762968   /home/gateway/QuakeSim2/portal_deploy/apache-tomcat-5.5.12/common/i18n/tomcat-i18n-en.jar
6b1fe000-6b200000 r--s 00000000 00:09 14174305   /home/gateway/QuakeSim2/portal_deploy/apache-tomcat-5.5.12/server/lib/servlets-invoker.jar
6b200000-6b300000 rw-p 0000c000 00:00 0
6b300000-6b309000 r--s 00000000 00:09 16762969   /home/gateway/QuakeSim2/portal_deploy/apache-tomcat-5.5.12/common/i18n/tomcat-i18n-es.jar
6b309000-6b311000 r--s 00000000 00:09 16762970   /home/gateway/QuakeSim2/portal_deploy/apache-tomcat-5.5.12/common/i18n/tomcat-i18n-fr.jar
6b311000-6b31a000 r--s 00000000 00:09 16762971   /home/gateway/QuakeSim2/portal_deploy/apache-tomcat-5.5.12/common/i18n/tomcat-i18n-ja.jar
6b31a000-6b336000 r--s 00000000 00:09 16762972   /home/gateway/QuakeSim2/portal_deploy/apache-tomcat-5.5.12/common/lib/commons-el.jar
6b336000-6b45d000 r--s 00000000 00:09 16762973   /home/gateway/QuakeSim2/portal_deploy/apache-tomcat-5.5.12/common/lib/jasper-compiler-jdt.jar
6b45d000-6b4c0000 r--s 00000000 00:09 16762974   /home/gateway/QuakeSim2/portal_deploy/apache-tomcat-5.5.12/common/lib/jasper-compiler.jar
6b4c0000-6b4d3000 r--s 00000000 00:09 16762975   /home/gateway/QuakeSim2/portal_deploy/apache-tomcat-5.5.12/common/lib/jasper-runtime.jar
6b4d3000-6b4e0000 r--s 00000000 00:09 16762976   /home/gateway/QuakeSim2/portal_deploy/apache-tomcat-5.5.12/common/lib/jsp-api.jar
6b4e0000-6b506000 r--s 00000000 00:09 16762977   /home/gateway/QuakeSim2/portal_deploy/apache-tomcat-5.5.12/common/lib/naming-factory-dbcp.jar
6b506000-6b50f000 r--s 00000000 00:09 16762978   /home/gateway/QuakeSim2/portal_deploy/apache-tomcat-5.5.12/common/lib/naming-factory.jar
6b50f000-6b51b000 r--s 00000000 00:09 16762979   /home/gateway/QuakeSim2/portal_deploy/apache-tomcat-5.5.12/common/lib/naming-resources.jar
6b51b000-6b533000 r--s 00000000 00:09 16762980   /home/gateway/QuakeSim2/portal_deploy/apache-tomcat-5.5.12/common/lib/servlet-api.jar
6b533000-6b539000 r--s 00000000 00:09 14174296   /home/gateway/QuakeSim2/portal_deploy/apache-tomcat-5.5.12/server/lib/catalina-ant-jmx.jar
6b539000-6b540000 r--s 00000000 00:09 14174297   /home/gateway/QuakeSim2/portal_deploy/apache-tomcat-5.5.12/server/lib/catalina-ant.jar
6b540000-6b572000 r--s 00000000 00:09 14174298   /home/gateway/QuakeSim2/portal_deploy/apache-tomcat-5.5.12/server/lib/catalina-cluster.jar
6b572000-6b58f000 r--s 00000000 00:09 14174299   /home/gateway/QuakeSim2/portal_deploy/apache-tomcat-5.5.12/server/lib/catalina-optional.jar
6b58f000-6b59f000 r--s 00000000 00:09 14174300   /home/gateway/QuakeSim2/portal_deploy/apache-tomcat-5.5.12/server/lib/catalina-storeconfig.jar
6b59f000-6b5ba000 r--s 00000000 00:09 14174302   /home/gateway/QuakeSim2/portal_deploy/apache-tomcat-5.5.12/server/lib/commons-modeler.jar
6b5ba000-6b5bf000 r--s 00000000 00:09 14174304   /home/gateway/QuakeSim2/portal_deploy/apache-tomcat-5.5.12/server/lib/servlets-default.jar
6b5bf000-6b5c5000 r--s 00000000 00:09 14174307   /home/gateway/QuakeSim2/portal_deploy/apache-tomcat-5.5.12/server/lib/servlets-webdav.jar
6b5c5000-6b5ee000 r--s 00000000 00:09 14174308   /home/gateway/QuakeSim2/portal_deploy/apache-tomcat-5.5.12/server/lib/tomcat-ajp.jar
6b5ee000-6b5f4000 r--s 00000000 00:09 14174309   /home/gateway/QuakeSim2/portal_deploy/apache-tomcat-5.5.12/server/lib/tomcat-apr.jar
6b5f4000-6b5f9000 r--s 00000000 00:09 14174310   /home/gateway/QuakeSim2/portal_deploy/apache-tomcat-5.5.12/server/lib/tomcat-coyote.jar
6b5f9000-6b600000 r--s 00000000 00:09 23545958   /home/gateway/QuakeSim2/portal_deploy/apache-tomcat-5.5.12/shared/lib/log4j-sandbox-0.3alpha.jar
6b600000-6b6fc000 rw-p 000cd000 00:00 0
6b6fc000-6b700000 ---p 000f0000 00:00 0
6b700000-6b79e000 r--s 00000000 00:09 14174301   /home/gateway/QuakeSim2/portal_deploy/apache-tomcat-5.5.12/server/lib/catalina.jar
6b79e000-6b7b4000 r--s 00000000 00:09 14174311   /home/gateway/QuakeSim2/portal_deploy/apache-tomcat-5.5.12/server/lib/tomcat-http.jar
6b7b4000-6b7f5000 r--s 00000000 00:09 14174312   /home/gateway/QuakeSim2/portal_deploy/apache-tomcat-5.5.12/server/lib/tomcat-util.jar
6b7f5000-6b809000 r-xp 00000000 00:09 11011807   /home/java-versions/jdk1.5.0_07/jre/lib/i386/libnet.so
6b809000-6b80a000 rw-p 00013000 00:09 11011807   /home/java-versions/jdk1.5.0_07/jre/lib/i386/libnet.so
6b80a000-6b812000 r--s 00000000 00:09 23545956   /home/gateway/QuakeSim2/portal_deploy/apache-tomcat-5.5.12/shared/lib/jakarta-regexp-1.2.jar
6b812000-6b829000 r--s 00000000 00:09 23545957   /home/gateway/QuakeSim2/portal_deploy/apache-tomcat-5.5.12/shared/lib/jakarta-oro.jar
6b829000-6b835000 r--s 00000000 00:09 23545960   /home/gateway/QuakeSim2/portal_deploy/apache-tomcat-5.5.12/shared/lib/commons-io-1.0.jar
6b835000-6b83f000 r--s 00000000 00:09 23545961   /home/gateway/QuakeSim2/portal_deploy/apache-tomcat-5.5.12/shared/lib/commons-logging-1.0.4.jar
6b83f000-6b843000 r--s 00000000 00:09 23545963   /home/gateway/QuakeSim2/portal_deploy/apache-tomcat-5.5.12/shared/lib/portals-bridges-common-0.4-SNAPSHOT.jar
6b843000-6b849000 r--s 00000000 00:09 23545965   /home/gateway/QuakeSim2/portal_deploy/apache-tomcat-5.5.12/shared/lib/gridsphere-service-framework-2.1.jar
6b849000-6b84f000 r--s 00000000 00:09 23545966   /home/gateway/QuakeSim2/portal_deploy/apache-tomcat-5.5.12/shared/lib/commons-fileupload-1.0.jar
6b84f000-6b852000 r--s 00000000 00:09 23545967   /home/gateway/QuakeSim2/portal_deploy/apache-tomcat-5.5.12/shared/lib/jta.jar
6b852000-6b85b000 r--s 00000000 00:09 23545969   /home/gateway/QuakeSim2/portal_deploy/apache-tomcat-5.5.12/shared/lib/tmf.jar
6b85b000-6b862000 r--s 00000000 00:09 23545971   /home/gateway/QuakeSim2/portal_deploy/apache-tomcat-5.5.12/shared/lib/cactus-integration-ant-20030401.jar
6b862000-6b866000 r--s 00000000 00:09 23545974   /home/gateway/QuakeSim2/portal_deploy/apache-tomcat-5.5.12/shared/lib/ant-contrib-0.3.jar
6b866000-6b869000 r--s 00000000 00:09 16599134   /home/gateway/QuakeSim2/portal_deploy/apache-tomcat-5.5.12/webapps/analyze-tseri-exec/WEB-INF/lib/ant-launcher-1.6.5.jar
6b869000-6b871000 r--s 00000000 00:09 16599116   /home/gateway/QuakeSim2/portal_deploy/apache-tomcat-5.5.12/webapps/analyze-tseri-exec/WEB-INF/lib/axis-jaxrpc-1.4.jar
6b871000-6b876000 r--s 00000000 00:09 16599126   /home/gateway/QuakeSim2/portal_deploy/apache-tomcat-5.5.12/webapps/analyze-tseri-exec/WEB-INF/lib/axis-saaj-1.4.jar
6b87f000-6b88e000 r--s 00000000 00:09 23545955   /home/gateway/QuakeSim2/portal_deploy/apache-tomcat-5.5.12/shared/lib/commons-beanutils-1.3.jar
6b88e000-6b8ac000 r--s 00000000 00:09 23545970   /home/gateway/QuakeSim2/portal_deploy/apache-tomcat-5.5.12/shared/lib/junit-3.8.1.jar
6b8ac000-6b8b8000 r--s 00000000 00:09 23545972   /home/gateway/QuakeSim2/portal_deploy/apache-tomcat-5.5.12/shared/lib/jaimlib.jar
6b8b8000-6b8bc000 r--s 00000000 00:09 23545977   /home/gateway/QuakeSim2/portal_deploy/apache-tomcat-5.5.12/shared/lib/odmg-3.0.jar
6b8bc000-6b8db000 r--s 00000000 00:09 16599130   /home/gateway/QuakeSim2/portal_deploy/apache-tomcat-5.5.12/webapps/analyze-tseri-exec/WEB-INF/lib/axis-wsdl4j-1.5.1.jar
6b8de000-6b8ec000 r--s 00000000 00:09 23545975   /home/gateway/QuakeSim2/portal_deploy/apache-tomcat-5.5.12/shared/lib/activation.jar
6b8ec000-6b900000 r--s 00000000 00:09 23545979   /home/gateway/QuakeSim2/portal_deploy/apache-tomcat-5.5.12/shared/lib/gridsphere-provider-2.1.jar
6b900000-6b9fb000 rw-p 000dd000 00:00 0
6b9fb000-6ba00000 ---p 00106000 00:00 0
6ba00000-6bafb000 rw-p 0010b000 00:00 0
6bafb000-6bb00000 ---p 00134000 00:00 0
6bb00000-6bbfd000 r--s 00000000 00:09 23545951   /home/gateway/QuakeSim2/portal_deploy/apache-tomcat-5.5.12/shared/lib/ant.jar
6bc00000-6bdf9000 rw-p 000db000 00:00 0
6bdf9000-6be00000 ---p 00000000 00:00 0
6be00000-6bef7000 rw-p 00007000 00:00 0
6bef7000-6bf00000 ---p 00038000 00:00 0
6bf00000-6bff9000 rw-p 00041000 00:00 0
6bff9000-6c000000 ---p 00071000 00:00 0
6c000000-6c2fc000 rw-p 00078000 00:00 0
6c2fc000-6c300000 ---p 00000000 00:00 0
6c300000-6c500000 rw-p 00004000 00:00 0
6c500000-6c577000 r--s 00000000 00:09 23545952   /home/gateway/QuakeSim2/portal_deploy/apache-tomcat-5.5.12/shared/lib/dom4j-1.4.jar
6c577000-6c5cc000 r--s 00000000 00:09 23545953   /home/gateway/QuakeSim2/portal_deploy/apache-tomcat-5.5.12/shared/lib/mail.jar
6c5cc000-6c60d000 r--s 00000000 00:09 23545954   /home/gateway/QuakeSim2/portal_deploy/apache-tomcat-5.5.12/shared/lib/hsqldb-1.7.1.jar
6c60d000-6c6e8000 r--s 00000000 00:09 23545959   /home/gateway/QuakeSim2/portal_deploy/apache-tomcat-5.5.12/shared/lib/jfreechart-0.9.18.jar
6c6e8000-6c720000 r--s 00000000 00:09 23545962   /home/gateway/QuakeSim2/portal_deploy/apache-tomcat-5.5.12/shared/lib/cactus-framework-20030401.jar
6c720000-6c757000 r--s 00000000 00:09 23545964   /home/gateway/QuakeSim2/portal_deploy/apache-tomcat-5.5.12/shared/lib/commons-httpclient-2.0.1.jar
6c757000-6c916000 r--s 00000000 00:09 23545968   /home/gateway/QuakeSim2/portal_deploy/apache-tomcat-5.5.12/shared/lib/spring-1.2.3.jar
6c916000-6c962000 r--s 00000000 00:09 23545973   /home/gateway/QuakeSim2/portal_deploy/apache-tomcat-5.5.12/shared/lib/cglib-full-2.0.2.jar
6c962000-6ca26000 r--s 00000000 00:09 23545976   /home/gateway/QuakeSim2/portal_deploy/apache-tomcat-5.5.12/shared/lib/poi-2.5.1-final-20040804.jar
6ca26000-6ca7d000 r--s 00000000 00:09 23545978   /home/gateway/QuakeSim2/portal_deploy/apache-tomcat-5.5.12/shared/lib/log4j-1.2.8.jar
6ca7d000-6ca8a000 r--s 00000000 00:09 23545980   /home/gateway/QuakeSim2/portal_deploy/apache-tomcat-5.5.12/shared/lib/ehcache-0.9.jar
6ca8a000-6cae7000 r--s 00000000 00:09 23545981   /home/gateway/QuakeSim2/portal_deploy/apache-tomcat-5.5.12/shared/lib/jcommon-0.9.3.jar
6cae7000-6cb12000 r--s 00000000 00:09 23545982   /home/gateway/QuakeSim2/portal_deploy/apache-tomcat-5.5.12/shared/lib/commons-collections-2.1.1.jar
6cb12000-6cb19000 r--s 00000000 00:09 23545983   /home/gateway/QuakeSim2/portal_deploy/apache-tomcat-5.5.12/shared/lib/aspectjrt.jar
6cb19000-6cb2b000 r--s 00000000 00:09 23545984   /home/gateway/QuakeSim2/portal_deploy/apache-tomcat-5.5.12/shared/lib/portlet-api-2.1.jar
6cb2b000-6cbc4000 r--s 00000000 00:09 23545985   /home/gateway/QuakeSim2/portal_deploy/apache-tomcat-5.5.12/shared/lib/gridsphere-portal-2.1.jar
6cbc4000-6cbd2000 r--s 00000000 00:09 23545986   /home/gateway/QuakeSim2/portal_deploy/apache-tomcat-5.5.12/shared/lib/portlet-jsr-api-2.1.jar
6cbd2000-6cbf7000 r--s 00000000 00:09 23545987   /home/gateway/QuakeSim2/portal_deploy/apache-tomcat-5.5.12/shared/lib/jdom-1.0.jar
6cbf7000-6cce4000 r--s 00000000 00:09 23545988   /home/gateway/QuakeSim2/portal_deploy/apache-tomcat-5.5.12/shared/lib/hibernate2.jar
6cce4000-6cd2f000 r--s 00000000 00:09 23545989   /home/gateway/QuakeSim2/portal_deploy/apache-tomcat-5.5.12/shared/lib/XMLChartDataset.jar
6cd2f000-6cd85000 r--s 00000000 00:09 23545990   /home/gateway/QuakeSim2/portal_deploy/apache-tomcat-5.5.12/shared/lib/c3p0-0.8.4.5.jar
6cd85000-6cebe000 r--s 00000000 00:09 23545991   /home/gateway/QuakeSim2/portal_deploy/apache-tomcat-5.5.12/shared/lib/castor-0.9.7-xml.jar
6cebe000-6cec1000 ---p 00003000 00:00 0
6cec1000-6cf3f000 rwxp 00006000 00:00 0
6cf3f000-6cf42000 ---p 00084000 00:00 0
6cf42000-6cfc0000 rwxp 00087000 00:00 0
6cfc0000-6cfc3000 ---p 00105000 00:00 0
6cfc3000-6d041000 rwxp 00108000 00:00 0
6d041000-6d044000 ---p 00186000 00:00 0
6d044000-6d0c2000 rwxp 00189000 00:00 0
6d0c2000-6d0d4000 r--s 00000000 00:09 16599131   /home/gateway/QuakeSim2/portal_deploy/apache-tomcat-5.5.12/webapps/analyze-tseri-exec/WEB-INF/lib/commons-discovery-0.2.jar
6d0d4000-6d0de000 r--s 00000000 00:09 16599127   /home/gateway/QuakeSim2/portal_deploy/apache-tomcat-5.5.12/webapps/analyze-tseri-exec/WEB-INF/lib/commons-logging-1.0.4.jar
6d100000-6d1f9000 rw-p 0000b000 00:00 0
6d1f9000-6d200000 ---p 00034000 00:00 0
6d200000-6d203000 ---p 00003000 00:00 0
6d203000-6d281000 rwxp 00006000 00:00 0
6d2d6000-6d2e1000 r--s 00000000 00:09 26560606   /home/gateway/QuakeSim2/portal_deploy/apache-tomcat-5.5.12/webapps/STFILTER-portlet/WEB-INF/lib/portals-bridges-jsf-1.0.jar
6d300000-6d3f9000 rw-p 0007d000 00:00 0
6d3f9000-6d400000 ---p 000a6000 00:00 0
6d400000-6d403000 ---p 00003000 00:00 0
6d403000-6d481000 rwxp 00006000 00:00 0
6d4b6000-6d4c1000 r--s 00000000 00:09 20203462   /home/gateway/QuakeSim2/portal_deploy/apache-tomcat-5.5.12/webapps/RDAHMM-portlet/WEB-INF/lib/portals-bridges-jsf-1.0.jar
6d4ea000-6d4ee000 r-xp 00000000 08:02 737313     /lib/libnss_dns-2.3.2.so
6d4ee000-6d4ef000 rw-p 00003000 08:02 737313     /lib/libnss_dns-2.3.2.so
6d4f0000-6d4fb000 r--s 00000000 00:09 2168       /home/gateway/QuakeSim2/portal_deploy/apache-tomcat-5.5.12/webapps/StationMonitor-portlet/WEB-INF/lib/portals-bridges-jsf-1.0.jar
6d500000-6d5fc000 rw-p 000f1000 00:00 0
6d5fc000-6d600000 ---p 0011a000 00:00 0
6d600000-6d6fd000 rw-p 0011e000 00:00 0
6d6fd000-6d700000 ---p 0015b000 00:00 0
6d700000-6dbfa000 rw-p 0015e000 00:00 0
6dbfa000-6dc00000 ---p 00000000 00:00 0
6dc00000-6dcdc000 r--s 00000000 00:09 26626150   /home/gateway/QuakeSim2/portal_deploy/apache-tomcat-5.5.12/webapps/SimpleRDAHMMClient/WEB-INF/lib/tomahawk-1.1.0.jar
6dcdc000-6dcdf000 ---p 00003000 00:00 0
6dcdf000-6dd5d000 rwxp 00006000 00:00 0
6dd5d000-6dd60000 ---p 00084000 00:00 0
6dd60000-6ddde000 rwxp 00087000 00:00 0
6ddde000-6dde1000 ---p 00105000 00:00 0
6dde1000-6de5f000 rwxp 00108000 00:00 0
6de5f000-6de62000 ---p 00186000 00:00 0
6de62000-6dee0000 rwxp 00189000 00:00 0
6dee0000-6dee3000 ---p 00207000 00:00 0
6dee3000-6df61000 rwxp 0020a000 00:00 0
6df61000-6df64000 ---p 00288000 00:00 0
6df64000-6dfe2000 rwxp 0028b000 00:00 0
6dfe2000-6dfe5000 ---p 00309000 00:00 0
6dfe5000-6e063000 rwxp 0030c000 00:00 0
6e063000-6e066000 ---p 0038a000 00:00 0
6e066000-6e0e4000 rwxp 0038d000 00:00 0
6e0e4000-6e0e7000 ---p 0040b000 00:00 0
6e0e7000-6e165000 rwxp 0040e000 00:00 0
6e165000-6e170000 r--s 00000000 00:09 394752     /home/gateway/QuakeSim2/portal_deploy/apache-tomcat-5.5.12/webapps/RealTimeRDAHMM-portlet/WEB-INF/lib/portals-bridges-jsf-1.0.jar
6e170000-6e173000 ---p 00003000 00:00 0
6e173000-6e1f1000 rwxp 00006000 00:00 0
6e1f4000-6e2d0000 r--s 00000000 00:09 394758     /home/gateway/QuakeSim2/portal_deploy/apache-tomcat-5.5.12/webapps/RealTimeRDAHMM-portlet/WEB-INF/lib/tomahawk-1.1.0.jar
6e2e9000-6e3c5000 r--s 00000000 00:09 11389045   /home/gateway/QuakeSim2/portal_deploy/apache-tomcat-5.5.12/webapps/StationMonitor/WEB-INF/lib/tomahawk-1.1.0.jar
6e417000-6e4f3000 r--s 00000000 00:09 2175       /home/gateway/QuakeSim2/portal_deploy/apache-tomcat-5.5.12/webapps/StationMonitor-portlet/WEB-INF/lib/tomahawk-1.1.0.jar
6e4f3000-6e4f6000 ---p 00003000 00:00 0
6e4f6000-6e574000 rwxp 00006000 00:00 0
6e574000-6e577000 ---p 00084000 00:00 0
6e577000-6e5f5000 rwxp 00087000 00:00 0
6e5f5000-6e5f8000 ---p 00105000 00:00 0
6e5f8000-6e676000 rwxp 00108000 00:00 0
6e676000-6e679000 ---p 00186000 00:00 0
6e679000-6e6f7000 rwxp 00189000 00:00 0
6e6f7000-6e6fa000 ---p 00207000 00:00 0
6e6fa000-6e778000 rwxp 0020a000 00:00 0
6e778000-6e77b000 ---p 00288000 00:00 0
6e77b000-6e7f9000 rwxp 0028b000 00:00 0
6e841000-6e91d000 r--s 00000000 00:09 20203472   /home/gateway/QuakeSim2/portal_deploy/apache-tomcat-5.5.12/webapps/RDAHMM-portlet/WEB-INF/lib/tomahawk-1.1.0.jar
6e91d000-6e9f9000 r--s 00000000 00:09 11602023   /home/gateway/QuakeSim2/portal_deploy/apache-tomcat-5.5.12/webapps/STFILTER/WEB-INF/lib/tomahawk-1.1.0.jar
6e9f9000-6e9fc000 ---p 00003000 00:00 0
6e9fc000-6ea7a000 rwxp 00006000 00:00 0
6eabc000-6eb98000 r--s 00000000 00:09 12863594   /home/gateway/QuakeSim2/portal_deploy/apache-tomcat-5.5.12/webapps/simple_stfilter/WEB-INF/lib/tomahawk-1.1.0.jar
6eba9000-6ec85000 r--s 00000000 00:09 22775904   /home/gateway/QuakeSim2/portal_deploy/apache-tomcat-5.5.12/webapps/RDAHMM/WEB-INF/lib/tomahawk-1.1.0.jar
6ec85000-6ec88000 ---p 00003000 00:00 0
6ec88000-6ed06000 rwxp 00006000 00:00 0
6ed06000-6ed09000 ---p 00084000 00:00 0
6ed09000-6ed87000 rwxp 00087000 00:00 0
6ed87000-6ed8a000 ---p 00105000 00:00 0
6ed8a000-6ee08000 rwxp 00108000 00:00 0
6ee08000-6ee0b000 ---p 00186000 00:00 0
6ee0b000-6ee89000 rwxp 00189000 00:00 0
6ee89000-6ee8c000 ---p 00207000 00:00 0
6ee8c000-6ef0a000 rwxp 0020a000 00:00 0
6ef0a000-6ef0d000 ---p 00288000 00:00 0
6ef0d000-6ef8b000 rwxp 0028b000 00:00 0
6ef8b000-6efe2000 r--s 00000000 00:09 16599129   /home/gateway/QuakeSim2/portal_deploy/apache-tomcat-5.5.12/webapps/analyze-tseri-exec/WEB-INF/lib/log4j-1.2.8.jar
6f000000-6f021000 rw-p 000a5000 00:00 0
6f021000-6f100000 ---p 000ce000 00:00 0
6f100000-6f103000 ---p 00003000 00:00 0
6f103000-6f181000 rwxp 00006000 00:00 0
6f181000-6f184000 ---p 00084000 00:00 0
6f184000-6f202000 rwxp 00087000 00:00 0
6f202000-6f205000 ---p 00105000 00:00 0
6f205000-6f283000 rwxp 00108000 00:00 0
6f283000-6f380000 r--s 00000000 00:09 16599128   /home/gateway/QuakeSim2/portal_deploy/apache-tomcat-5.5.12/webapps/analyze-tseri-exec/WEB-INF/lib/ant-1.6.5.jar
6f4d2000-6f5ae000 r--s 00000000 00:09 26560614   /home/gateway/QuakeSim2/portal_deploy/apache-tomcat-5.5.12/webapps/STFILTER-portlet/WEB-INF/lib/tomahawk-1.1.0.jar
6f5ae000-70113000 r--s 00000000 00:09 16599132   /home/gateway/QuakeSim2/portal_deploy/apache-tomcat-5.5.12/webapps/analyze-tseri-exec/WEB-INF/lib/GRWS_SubmitQuery-4.0.jar
70113000-7029a000 r--s 00000000 00:09 16599125   /home/gateway/QuakeSim2/portal_deploy/apache-tomcat-5.5.12/webapps/analyze-tseri-exec/WEB-INF/lib/axis-1.4.jar
7029a000-7066c000 r--s 00000000 00:09 16599133   /home/gateway/QuakeSim2/portal_deploy/apache-tomcat-5.5.12/webapps/analyze-tseri-exec/WEB-INF/lib/grwsXmlBeansSchemas-1.0.jar
7251a000-7251d000 rwxp 00000000 00:00 0
7251d000-7259b000 rwxp 00009000 00:00 0
7259b000-7259e000 rwxp 00000000 00:00 0
7259e000-7261c000 rwxp 0008a000 00:00 0
7261c000-7261f000 rwxp 00000000 00:00 0
7261f000-7269d000 rwxp 0010b000 00:00 0
7269d000-726a0000 rwxp 00000000 00:00 0
726a0000-7271e000 rwxp 0018c000 00:00 0
bfe00000-bfe03000 ---p 00000000 00:00 0
bfe03000-c0000000 rwxp ffe05000 00:00 0

VM Arguments:
jvm_args: -Djava.util.logging.manager=org.apache.juli.ClassLoaderLogManager -Djava.util.logging.config.file=/home/gateway/QuakeSim2/portal_deploy/apache-tomcat-5.5.12/conf/logging.properties -Djava.endorsed.dirs=/home/gateway/QuakeSim2/portal_deploy/apache-tomcat-5.5.12/common/endorsed -Dcatalina.base=/home/gateway/QuakeSim2/portal_deploy/apache-tomcat-5.5.12 -Dcatalina.home=/home/gateway/QuakeSim2/portal_deploy/apache-tomcat-5.5.12 -Djava.io.tmpdir=/home/gateway/QuakeSim2/portal_deploy/apache-tomcat-5.5.12/temp
java_command: org.apache.catalina.startup.Bootstrap start
Launcher Type: SUN_STANDARD

Environment Variables:
JAVA_HOME=/home/java-versions/jdk1.5.0_07
PATH=/home/gateway/QuakeSim2/third_party_tools/apache-ant-1.6.5/bin:/home/gateway/QuakeSim2/third_party_tools/maven-2.0.4/bin:/home/gateway/maven-1.0.2/bin:/home/gateway/apache-ant-1.6.4/bin:/home/java-versions/jdk1.5.0_07/bin:/usr/kerberos/bin:/usr/local/bin:/bin:/usr/bin:/usr/java/j2sdk1.4.2_03/bin:/usr/X11R6/bin:/home/gateway/bin:/home/gateway/maven-1.0.2/bin:/home/gateway/apache-ant-1.6.4/bin:/home/java-versions/jdk1.5.0_07/bin:/usr/kerberos/bin:/usr/local/bin:/bin:/usr/bin:/usr/java/j2sdk1.4.2_03/bin:/usr/X11R6/bin:/usr/local/rsi/idl_6.0/bin/bin.linux.x86
LD_LIBRARY_PATH=/home/java-versions/jdk1.5.0_07/jre/lib/i386/server:/home/java-versions/jdk1.5.0_07/jre/lib/i386:/home/java-versions/jdk1.5.0_07/jre/../lib/i386:/usr/local/rsi/idl_6.0/bin/bin.linux.x86:/home/gateway/BerkeleyDB.4.2.52/lib/:/home/gateway/xerces-c-2.4.0/lib:/home/gateway/pathan-1.2/lib/:/home/gateway/dbxml-1.2.1/build_unix/.libs/:/home/gateway/BerkeleyDBXML.1.2.1/lib
SHELL=/bin/bash

Signal Handlers:
SIGSEGV: [libjvm.so+0x5016a0], sa_mask[0]=0x7ffbfeff, sa_flags=0x14000004
SIGBUS: [libjvm.so+0x5016a0], sa_mask[0]=0x7ffbfeff, sa_flags=0x14000004
SIGFPE: [libjvm.so+0x426c00], sa_mask[0]=0x7ffbfeff, sa_flags=0x14000004
SIGPIPE: [libjvm.so+0x426c00], sa_mask[0]=0x7ffbfeff, sa_flags=0x14000004
SIGILL: [libjvm.so+0x426c00], sa_mask[0]=0x7ffbfeff, sa_flags=0x14000004
SIGUSR1: SIG_DFL, sa_mask[0]=0x00000000, sa_flags=0x00000000
SIGUSR2: [libjvm.so+0x429050], sa_mask[0]=0x00000000, sa_flags=0x14000004
SIGHUP: [libjvm.so+0x428a80], sa_mask[0]=0x7ffbfeff, sa_flags=0x14000004
SIGINT: SIG_IGN, sa_mask[0]=0x00000000, sa_flags=0x00000000
SIGQUIT: [libjvm.so+0x428a80], sa_mask[0]=0x7ffbfeff, sa_flags=0x14000004
SIGTERM: [libjvm.so+0x428a80], sa_mask[0]=0x7ffbfeff, sa_flags=0x14000004


---------------  S Y S T E M  ---------------

OS:Fedora Core release 1 (Yarrow)

uname:Linux 2.4.22-1.2199.nptlsmp #1 SMP Wed Aug 4 11:48:29 EDT 2004 i686
libc:glibc 2.3.2 NPTL 0.60 
rlimit: STACK 10240k, CORE 0k, NPROC 7168, NOFILE 1024, AS infinity
load average:0.43 0.40 0.33

CPU:total 4 family 15, cmov, cx8, fxsr, mmx, sse, sse2, ht

Memory: 4k page, physical 2068176k(295832k free), swap 1831400k(1630492k free)

vm_info: Java HotSpot(TM) Server VM (1.5.0_07-b03) for linux-x86, built on May  3 2006 00:32:58 by java_re with gcc 3.2.1-7a (J2SE release)

