
				

opening /home/gateway/GeoFEST_WDIR//duhFaultUser/faultsatmyfeet-NOW/faultsatmyfeet.node
Reading 62 nodes.
opening /home/gateway/GeoFEST_WDIR//duhFaultUser/faultsatmyfeet-NOW/faultsatmyfeet.tetra
Reading 135 tets.
Number of elts with substantial priority: 116



				

opening /home/gateway/GeoFEST_WDIR//duhFaultUser/faultsatmyfeet-NOW/faultsatmyfeet.node
Reading 80 nodes.
opening /home/gateway/GeoFEST_WDIR//duhFaultUser/faultsatmyfeet-NOW/faultsatmyfeet.tetra
Reading 185 tets.
Number of elts with substantial priority: 169



				

opening /home/gateway/GeoFEST_WDIR//duhFaultUser/faultsatmyfeet-NOW/faultsatmyfeet.node
Reading 105 nodes.
opening /home/gateway/GeoFEST_WDIR//duhFaultUser/faultsatmyfeet-NOW/faultsatmyfeet.tetra
Reading 257 tets.
Number of elts with substantial priority: 229



				

opening /home/gateway/GeoFEST_WDIR//duhFaultUser/faultsatmyfeet-NOW/faultsatmyfeet.node
Reading 135 nodes.
opening /home/gateway/GeoFEST_WDIR//duhFaultUser/faultsatmyfeet-NOW/faultsatmyfeet.tetra
Reading 343 tets.
Number of elts with substantial priority: 283



				

opening /home/gateway/GeoFEST_WDIR//duhFaultUser/faultsatmyfeet-NOW/faultsatmyfeet.node
Reading 175 nodes.
opening /home/gateway/GeoFEST_WDIR//duhFaultUser/faultsatmyfeet-NOW/faultsatmyfeet.tetra
Reading 459 tets.
Number of elts with substantial priority: 306



				

opening /home/gateway/GeoFEST_WDIR//duhFaultUser/faultsatmyfeet-NOW/faultsatmyfeet.node
Reading 231 nodes.
opening /home/gateway/GeoFEST_WDIR//duhFaultUser/faultsatmyfeet-NOW/faultsatmyfeet.tetra
Reading 626 tets.
Number of elts with substantial priority: 298



				

opening /home/gateway/GeoFEST_WDIR//duhFaultUser/faultsatmyfeet-NOW/faultsatmyfeet.node
Reading 308 nodes.
opening /home/gateway/GeoFEST_WDIR//duhFaultUser/faultsatmyfeet-NOW/faultsatmyfeet.tetra
Reading 859 tets.
Number of elts with substantial priority: 279



				

opening /home/gateway/GeoFEST_WDIR//duhFaultUser/faultsatmyfeet-NOW/faultsatmyfeet.node
Reading 409 nodes.
opening /home/gateway/GeoFEST_WDIR//duhFaultUser/faultsatmyfeet-NOW/faultsatmyfeet.tetra
Reading 1183 tets.
Number of elts with substantial priority: 150



				

opening /home/gateway/GeoFEST_WDIR//duhFaultUser/faultsatmyfeet-NOW/faultsatmyfeet.node
Reading 545 nodes.
opening /home/gateway/GeoFEST_WDIR//duhFaultUser/faultsatmyfeet-NOW/faultsatmyfeet.tetra
Reading 1640 tets.
Number of elts with substantial priority: 13



				

opening /home/gateway/GeoFEST_WDIR//duhFaultUser/faultsatmyfeet-NOW/faultsatmyfeet.node
Reading 719 nodes.
opening /home/gateway/GeoFEST_WDIR//duhFaultUser/faultsatmyfeet-NOW/faultsatmyfeet.tetra
Reading 2239 tets.
Number of elts with substantial priority: 2



				

opening /home/gateway/GeoFEST_WDIR//duhFaultUser/faultsatmyfeet-NOW/faultsatmyfeet.node
Reading 957 nodes.
opening /home/gateway/GeoFEST_WDIR//duhFaultUser/faultsatmyfeet-NOW/faultsatmyfeet.tetra
Reading 3006 tets.
Number of elts with substantial priority: 0


